#
# A fatal error has been detected by the Java Runtime Environment:
#
#  EXCEPTION_ACCESS_VIOLATION (0xc0000005) at pc=0x00007ffbc8e6c261, pid=13652, tid=16952
#
# JRE version: OpenJDK Runtime Environment (17.0.2+8) (build 17.0.2+8-86)
# Java VM: OpenJDK 64-Bit Server VM (17.0.2+8-86, mixed mode, sharing, tiered, compressed oops, compressed class ptrs, g1 gc, windows-amd64)
# Problematic frame:
# V  [jvm.dll+0x5fc261]
#
# No core dump will be written. Minidumps are not enabled by default on client versions of Windows
#
# If you would like to submit a bug report, please visit:
#   https://bugreport.java.com/bugreport/crash.jsp
#

---------------  S U M M A R Y ------------

Command Line: -javaagent:C:\Program Files\JetBrains\IntelliJ IDEA Community Edition 2022.1\lib\idea_rt.jar=63755:C:\Program Files\JetBrains\IntelliJ IDEA Community Edition 2022.1\bin -Dfile.encoding=UTF-8 one.digitalinovationnovation.desafioexplorandopadroesprojetos.DesafioExplorandoPadroesProjetosApplication

Host: Intel(R) Core(TM) i7-4790 CPU @ 3.60GHz, 8 cores, 7G,  Windows 10 , 64 bit Build 19041 (10.0.19041.1889)
Time: Wed Nov  9 00:42:13 2022 Hora oficial do Brasil elapsed time: 8898.027325 seconds (0d 2h 28m 18s)

---------------  T H R E A D  ---------------

Current thread (0x0000020f4af0f860):  GCTaskThread "GC Thread#1" [stack: 0x0000001314400000,0x0000001314500000] [id=16952]

Stack: [0x0000001314400000,0x0000001314500000],  sp=0x00000013144ff5e0,  free space=1021k
Native frames: (J=compiled Java code, j=interpreted, Vv=VM code, C=native code)
V  [jvm.dll+0x5fc261]
V  [jvm.dll+0x302777]
V  [jvm.dll+0x303840]
V  [jvm.dll+0x30056e]
V  [jvm.dll+0x3131bf]
V  [jvm.dll+0x1f28b4]
V  [jvm.dll+0x3004eb]
V  [jvm.dll+0x1f5118]
V  [jvm.dll+0x314040]
V  [jvm.dll+0x313e85]
V  [jvm.dll+0x2db494]
V  [jvm.dll+0x2dceeb]
V  [jvm.dll+0x7fd27b]
V  [jvm.dll+0x7fd2c6]
V  [jvm.dll+0x77ff7a]
V  [jvm.dll+0x66fa35]
C  [ucrtbase.dll+0x21bb2]
C  [KERNEL32.DLL+0x17034]
C  [ntdll.dll+0x526a1]


siginfo: EXCEPTION_ACCESS_VIOLATION (0xc0000005), reading address 0xffffffffffffffff


Register to memory mapping:

RIP=0x00007ffbc8e6c261 jvm.dll
RAX=0x0 is NULL
RBX=0x00000013144ff660 points into unknown readable memory: 0x0000020f4bcef1c0 | c0 f1 ce 4b 0f 02 00 00
RCX=0x00000013144ff650 points into unknown readable memory: 0x000d12f000000000 | 00 00 00 00 f0 12 0d 00
RDX=0x00000013144ff660 points into unknown readable memory: 0x0000020f4bcef1c0 | c0 f1 ce 4b 0f 02 00 00
RSP=0x00000013144ff5e0 points into unknown readable memory: 0x0000000086e5cee8 | e8 ce e5 86 00 00 00 00
RBP=0x0 is NULL
RSI=0x0000000086e5b5a8 is pointing into object: [Ljava.lang.Object; 
{0x0000000086e5b588} - klass: 'java/lang/Object'[]
 - length: 24
RDI=0x00000013144ff650 points into unknown readable memory: 0x000d12f000000000 | 00 00 00 00 f0 12 0d 00
R8 =0x000d12f000000000 is an unknown value
R9 =0x000000080017d2a8 is a pointer to class: 
java.lang.invoke.DirectMethodHandle$Interface {0x000000080017d2b0}
 - instance size:     5
 - klass size:        118
 - access:            synchronized 
 - state:             fully_initialized
 - name:              'java/lang/invoke/DirectMethodHandle$Interface'
 - super:             'java/lang/invoke/DirectMethodHandle'
 - sub:               
 - arrays:            NULL
 - methods:           Array<T>(0x000000080077c928)
 - method ordering:   Array<T>(0x000000080077ca88)
 - default_methods:   Array<T>(0x0000000000000000)
 - local interfaces:  Array<T>(0x00000008005cf2a8)
 - trans. interfaces: Array<T>(0x0000000800697df8)
 - constants:         constant pool [121] {0x000000080077c348} for 'java/lang/invoke/DirectMethodHandle$Interface' cache=0x000000080017dd60
 - class loader data:  loader data: 0x0000020f49a007f0 of 'bootstrap'
 - source file:       'DirectMethodHandle.java'
 - class annotations:       Array<T>(0x0000000000000000)
 - class type annotations:  Array<T>(0x0000000000000000)
 - field annotations:       Array<T>(0x0000000000000000)
 - field type annotations:  Array<T>(0x0000000000000000)
 - inner classes:     Array<T>(0x000000080077c910)
 - nest members:     Array<T>(0x00000008005cf238)
 - permitted subclasses:     Array<T>(0x00000008005cf238)
 - java mirror:       a 'java/lang/Class'{0x0000000080f8a8a8} = 'java/lang/invoke/DirectMethodHandle$Interface'
 - vtable length      55  (start addr: 0x000000080017d470)
 - itable length      5 (start addr: 0x000000080017d628)
 - ---- static fields (1 words):
 - static final synthetic '$assertionsDisabled' 'Z' @112 
 - ---- non-static fields (6 words):
 - private 'customizationCount' 'B' @12 
 - private volatile 'updateInProgress' 'Z' @13 
 - private final 'type' 'Ljava/lang/invoke/MethodType;' @16 
 - final 'form' 'Ljava/lang/invoke/LambdaForm;' @20 
 - 'asTypeCache' 'Ljava/lang/invoke/MethodHandle;' @24 
 - final 'crackable' 'Z' @14 
 - final 'member' 'Ljava/lang/invoke/MemberName;' @28 
 - private final 'refc' 'Ljava/lang/Class;' @32 
 - non-static oop maps: 16-32 
R10=0x000000008a20b660 is an oop: java.lang.invoke.DirectMethodHandle$Interface 
{0x000000008a20b660} - klass: 'java/lang/invoke/DirectMethodHandle$Interface'
 - ---- fields (total size 5 words):
 - private 'customizationCount' 'B' @12  0
 - private volatile 'updateInProgress' 'Z' @13  false
 - private final 'type' 'Ljava/lang/invoke/MethodType;' @16  a 'java/lang/invoke/MethodType'{0x000000008a20b560} = (Lorg/springframework/data/util/CustomCollectionRegistrar;)Ljava/util/function/Function; (8a20b560)
 - final 'form' 'Ljava/lang/invoke/LambdaForm;' @20  a 'java/lang/invoke/LambdaForm'{0x0000000081215b40} => a 'java/lang/invoke/MemberName'{0x0000000081215ca0} = {method} {0x0000020f4a32c300} 'invokeInterface' '(Ljava/lang/Object;Ljava/lang/Object;)Ljava/lang/Object;' in 'java/lang/invoke/LambdaForm$DMH+0x0000000800d10000' (81215b40)
 - 'asTypeCache' 'Ljava/lang/invoke/MethodHandle;' @24  NULL (0)
 - final 'crackable' 'Z' @14  true
 - final 'member' 'Ljava/lang/invoke/MemberName;' @28  a 'java/lang/invoke/MemberName'{0x000000008a20b500} = {method} {0x0000020f54cec870} 'toJavaNativeCollection' '()Ljava/util/function/Function;' in 'org/springframework/data/util/CustomCollectionRegistrar' (8a20b500)
 - private final 'refc' 'Ljava/lang/Class;' @32  a 'java/lang/Class'{0x000000008a3e4480} = 'org/springframework/data/util/CustomCollectionRegistrar' (8a3e4480)
R11=0x0000000000000001 is an unknown value
R12=0x0000000000000005 is an unknown value
R13=0x0 is NULL
R14=0x0000020f4bcef040 points into unknown readable memory: 0x00007ffbc91654c8 | c8 54 16 c9 fb 7f 00 00
R15=0x000000080017d2a8 is a pointer to class: 
java.lang.invoke.DirectMethodHandle$Interface {0x000000080017d2b0}
 - instance size:     5
 - klass size:        118
 - access:            synchronized 
 - state:             fully_initialized
 - name:              'java/lang/invoke/DirectMethodHandle$Interface'
 - super:             'java/lang/invoke/DirectMethodHandle'
 - sub:               
 - arrays:            NULL
 - methods:           Array<T>(0x000000080077c928)
 - method ordering:   Array<T>(0x000000080077ca88)
 - default_methods:   Array<T>(0x0000000000000000)
 - local interfaces:  Array<T>(0x00000008005cf2a8)
 - trans. interfaces: Array<T>(0x0000000800697df8)
 - constants:         constant pool [121] {0x000000080077c348} for 'java/lang/invoke/DirectMethodHandle$Interface' cache=0x000000080017dd60
 - class loader data:  loader data: 0x0000020f49a007f0 of 'bootstrap'
 - source file:       'DirectMethodHandle.java'
 - class annotations:       Array<T>(0x0000000000000000)
 - class type annotations:  Array<T>(0x0000000000000000)
 - field annotations:       Array<T>(0x0000000000000000)
 - field type annotations:  Array<T>(0x0000000000000000)
 - inner classes:     Array<T>(0x000000080077c910)
 - nest members:     Array<T>(0x00000008005cf238)
 - permitted subclasses:     Array<T>(0x00000008005cf238)
 - java mirror:       a 'java/lang/Class'{0x0000000080f8a8a8} = 'java/lang/invoke/DirectMethodHandle$Interface'
 - vtable length      55  (start addr: 0x000000080017d470)
 - itable length      5 (start addr: 0x000000080017d628)
 - ---- static fields (1 words):
 - static final synthetic '$assertionsDisabled' 'Z' @112 
 - ---- non-static fields (6 words):
 - private 'customizationCount' 'B' @12 
 - private volatile 'updateInProgress' 'Z' @13 
 - private final 'type' 'Ljava/lang/invoke/MethodType;' @16 
 - final 'form' 'Ljava/lang/invoke/LambdaForm;' @20 
 - 'asTypeCache' 'Ljava/lang/invoke/MethodHandle;' @24 
 - final 'crackable' 'Z' @14 
 - final 'member' 'Ljava/lang/invoke/MemberName;' @28 
 - private final 'refc' 'Ljava/lang/Class;' @32 
 - non-static oop maps: 16-32 


Registers:
RAX=0x0000000000000000, RBX=0x00000013144ff660, RCX=0x00000013144ff650, RDX=0x00000013144ff660
RSP=0x00000013144ff5e0, RBP=0x0000000000000000, RSI=0x0000000086e5b5a8, RDI=0x00000013144ff650
R8 =0x000d12f000000000, R9 =0x000000080017d2a8, R10=0x000000008a20b660, R11=0x0000000000000001
R12=0x0000000000000005, R13=0x0000000000000000, R14=0x0000020f4bcef040, R15=0x000000080017d2a8
RIP=0x00007ffbc8e6c261, EFLAGS=0x0000000000010246

Top of Stack: (sp=0x00000013144ff5e0)
0x00000013144ff5e0:   0000000086e5cee8 0000000086e5ced8
0x00000013144ff5f0:   0000000086e5ceec 0000000000000005
0x00000013144ff600:   0000000000000001 0000020f4bcef040
0x00000013144ff610:   000000008a20b660 00007ffbc8b72777
0x00000013144ff620:   0000000000000001 0000000000000001
0x00000013144ff630:   0000000086e5ced8 0000000086ffffd8
0x00000013144ff640:   0000020f4bcef1c0 00007ffbc8b71010
0x00000013144ff650:   000d12f000000000 0000020f52a76a30
0x00000013144ff660:   0000020f4bcef1c0 00000013144ff6c8
0x00000013144ff670:   0000000086e5bae8 0000000000000000
0x00000013144ff680:   0000000000000040 00000000000003d8
0x00000013144ff690:   0000020f49b9a8f8 0000020f4bcef040
0x00000013144ff6a0:   0000000086e5b5a8 0000000000000ce7
0x00000013144ff6b0:   0000000086e5b5a9 00007ffbc8b73840
0x00000013144ff6c0:   0000000000000000 0000000000000001
0x00000013144ff6d0:   0000000000000008 000d12f000000000 

Instructions: (pc=0x00007ffbc8e6c261)
0x00007ffbc8e6c161:   13 a5 49 00 48 03 0d 04 a5 49 00 48 8b 15 5d 56
0x00007ffbc8e6c171:   4f 00 48 03 d1 48 8d 0d e3 78 33 00 e8 ae 95 c4
0x00007ffbc8e6c181:   ff 48 39 1d 47 56 4f 00 76 29 48 8b d3 66 90 48
0x00007ffbc8e6c191:   8b 05 49 56 4f 00 48 8d 52 10 48 ff c3 48 8b 4c
0x00007ffbc8e6c1a1:   02 f8 48 8b 44 02 f0 48 89 08 48 3b 1d 1e 56 4f
0x00007ffbc8e6c1b1:   00 72 dc 48 8b 0d cd a4 49 00 48 85 c9 74 68 48
0x00007ffbc8e6c1c1:   89 7c 24 30 48 8b 05 a4 a4 49 00 48 83 e8 01 48
0x00007ffbc8e6c1d1:   89 05 99 a4 49 00 48 8b 3c c1 75 0c 48 8d 0d 6c
0x00007ffbc8e6c1e1:   a4 49 00 e8 f7 e0 c4 ff 48 8b 05 30 a4 49 00 48
0x00007ffbc8e6c1f1:   8b 1d 41 a4 49 00 48 83 e8 01 48 89 05 1e a4 49
0x00007ffbc8e6c201:   00 48 8b 1c c3 75 0c 48 8d 0d f1 a3 49 00 e8 cc
0x00007ffbc8e6c211:   e0 c4 ff 48 89 1f 48 8b 0d 6a a4 49 00 48 85 c9
0x00007ffbc8e6c221:   75 a2 48 8b 7c 24 30 48 83 c4 20 5b c3 cc cc 48
0x00007ffbc8e6c231:   89 0d b1 55 4f 00 48 89 0d 72 a4 49 00 c3 cc 48
0x00007ffbc8e6c241:   89 5c 24 08 57 48 83 ec 30 4c 8b 01 48 8b da 41
0x00007ffbc8e6c251:   0f b6 c0 48 8b f9 d0 e8 a8 01 74 18 49 83 f0 02
0x00007ffbc8e6c261:   49 8b 00 48 89 02 48 8b c3 48 8b 5c 24 40 48 83
0x00007ffbc8e6c271:   c4 30 5f c3 41 f6 c0 03 74 e6 4c 89 44 24 20 4c
0x00007ffbc8e6c281:   8d 0d f1 77 33 00 41 b8 2b 00 00 00 48 8d 15 fc
0x00007ffbc8e6c291:   77 33 00 b9 00 00 00 e0 e8 e2 65 c4 ff e8 7d 44
0x00007ffbc8e6c2a1:   07 00 48 8b 07 48 89 03 48 8b c3 48 8b 5c 24 40
0x00007ffbc8e6c2b1:   48 83 c4 30 5f c3 cc cc cc cc cc cc cc cc cc 48
0x00007ffbc8e6c2c1:   83 ec 38 4c 8b 01 41 0f b6 c0 d0 e8 a8 01 74 0c
0x00007ffbc8e6c2d1:   49 83 f0 02 49 89 10 48 83 c4 38 c3 41 f6 c0 03
0x00007ffbc8e6c2e1:   74 f2 4c 89 44 24 20 4c 8d 0d 89 77 33 00 41 b8
0x00007ffbc8e6c2f1:   3d 00 00 00 48 8d 15 94 77 33 00 b9 00 00 00 e0
0x00007ffbc8e6c301:   e8 7a 65 c4 ff 48 83 c4 38 e9 11 44 07 00 cc 48
0x00007ffbc8e6c311:   89 5c 24 08 48 89 6c 24 10 48 89 74 24 18 57 41
0x00007ffbc8e6c321:   56 41 57 48 83 ec 20 ba 06 00 00 00 48 8b f9 e8
0x00007ffbc8e6c331:   4b 80 09 00 48 8d 05 7c 7b 33 00 ba 06 00 00 00
0x00007ffbc8e6c341:   41 b8 d8 27 00 00 48 89 07 48 8d 8f 88 09 00 00
0x00007ffbc8e6c351:   e8 6a df aa ff 48 8d 8f b8 09 00 00 48 8d 97 88 


Stack slot to memory mapping:
stack at sp + 0 slots: 0x0000000086e5cee8 is pointing into object: [Ljava.lang.Class; 
{0x0000000086e5ced8} - klass: 'java/lang/Class'[]
 - length: 1
stack at sp + 1 slots: 0x0000000086e5ced8 is an oop: [Ljava.lang.Class; 
{0x0000000086e5ced8} - klass: 'java/lang/Class'[]
 - length: 1
stack at sp + 2 slots: 0x0000000086e5ceec is pointing into object: [Ljava.lang.Class; 
{0x0000000086e5ced8} - klass: 'java/lang/Class'[]
 - length: 1
stack at sp + 3 slots: 0x0000000000000005 is an unknown value
stack at sp + 4 slots: 0x0000000000000001 is an unknown value
stack at sp + 5 slots: 0x0000020f4bcef040 points into unknown readable memory: 0x00007ffbc91654c8 | c8 54 16 c9 fb 7f 00 00
stack at sp + 6 slots: 0x000000008a20b660 is an oop: java.lang.invoke.DirectMethodHandle$Interface 
{0x000000008a20b660} - klass: 'java/lang/invoke/DirectMethodHandle$Interface'
 - ---- fields (total size 5 words):
 - private 'customizationCount' 'B' @12  0
 - private volatile 'updateInProgress' 'Z' @13  false
 - private final 'type' 'Ljava/lang/invoke/MethodType;' @16  a 'java/lang/invoke/MethodType'{0x000000008a20b560} = (Lorg/springframework/data/util/CustomCollectionRegistrar;)Ljava/util/function/Function; (8a20b560)
 - final 'form' 'Ljava/lang/invoke/LambdaForm;' @20  a 'java/lang/invoke/LambdaForm'{0x0000000081215b40} => a 'java/lang/invoke/MemberName'{0x0000000081215ca0} = {method} {0x0000020f4a32c300} 'invokeInterface' '(Ljava/lang/Object;Ljava/lang/Object;)Ljava/lang/Object;' in 'java/lang/invoke/LambdaForm$DMH+0x0000000800d10000' (81215b40)
 - 'asTypeCache' 'Ljava/lang/invoke/MethodHandle;' @24  NULL (0)
 - final 'crackable' 'Z' @14  true
 - final 'member' 'Ljava/lang/invoke/MemberName;' @28  a 'java/lang/invoke/MemberName'{0x000000008a20b500} = {method} {0x0000020f54cec870} 'toJavaNativeCollection' '()Ljava/util/function/Function;' in 'org/springframework/data/util/CustomCollectionRegistrar' (8a20b500)
 - private final 'refc' 'Ljava/lang/Class;' @32  a 'java/lang/Class'{0x000000008a3e4480} = 'org/springframework/data/util/CustomCollectionRegistrar' (8a3e4480)
stack at sp + 7 slots: 0x00007ffbc8b72777 jvm.dll


---------------  P R O C E S S  ---------------

Threads class SMR info:
_java_thread_list=0x0000020f4df88a00, length=32, elements={
0x0000020f49b38650, 0x0000020f49b39200, 0x0000020f49b4af00, 0x0000020f49b4d8c0,
0x0000020f49b4e270, 0x0000020f49b4ec20, 0x0000020f49b52eb0, 0x0000020f49b5b960,
0x0000020f49b66770, 0x0000020f49b20d50, 0x0000020f4aa95430, 0x0000020f4aa96960,
0x0000020f4b67ff20, 0x0000020f4da2ba40, 0x0000020f4eda19e0, 0x0000020f523a5f20,
0x0000020f516c5310, 0x0000020f516c5cb0, 0x0000020f516c4e40, 0x0000020f516c57e0,
0x0000020f516c3160, 0x0000020f516c44a0, 0x0000020f516c4970, 0x0000020f516c22f0,
0x0000020f516c3630, 0x0000020f516c2c90, 0x0000020f516c3fd0, 0x0000020f4f9fffd0,
0x0000020f4fa00970, 0x0000020f4fa004a0, 0x0000020f4f9fec90, 0x0000020f4fa00e40
}

Java Threads: ( => current thread )
  0x0000020f49b38650 JavaThread "Reference Handler" daemon [_thread_blocked, id=21720, stack(0x0000001313500000,0x0000001313600000)]
  0x0000020f49b39200 JavaThread "Finalizer" daemon [_thread_blocked, id=17484, stack(0x0000001313600000,0x0000001313700000)]
  0x0000020f49b4af00 JavaThread "Signal Dispatcher" daemon [_thread_blocked, id=6272, stack(0x0000001313700000,0x0000001313800000)]
  0x0000020f49b4d8c0 JavaThread "Attach Listener" daemon [_thread_blocked, id=12492, stack(0x0000001313800000,0x0000001313900000)]
  0x0000020f49b4e270 JavaThread "Service Thread" daemon [_thread_blocked, id=14268, stack(0x0000001313900000,0x0000001313a00000)]
  0x0000020f49b4ec20 JavaThread "Monitor Deflation Thread" daemon [_thread_blocked, id=24328, stack(0x0000001313a00000,0x0000001313b00000)]
  0x0000020f49b52eb0 JavaThread "C2 CompilerThread0" daemon [_thread_blocked, id=20892, stack(0x0000001313b00000,0x0000001313c00000)]
  0x0000020f49b5b960 JavaThread "C1 CompilerThread0" daemon [_thread_blocked, id=8452, stack(0x0000001313c00000,0x0000001313d00000)]
  0x0000020f49b66770 JavaThread "Sweeper thread" daemon [_thread_blocked, id=24092, stack(0x0000001313d00000,0x0000001313e00000)]
  0x0000020f49b20d50 JavaThread "Common-Cleaner" daemon [_thread_blocked, id=6548, stack(0x0000001313e00000,0x0000001313f00000)]
  0x0000020f4aa95430 JavaThread "Monitor Ctrl-Break" daemon [_thread_in_native, id=8964, stack(0x0000001314000000,0x0000001314100000)]
  0x0000020f4aa96960 JavaThread "Notification Thread" daemon [_thread_blocked, id=11452, stack(0x0000001314100000,0x0000001314200000)]
  0x0000020f4b67ff20 JavaThread "Catalina-utility-1" [_thread_blocked, id=21872, stack(0x0000001314c00000,0x0000001314d00000)]
  0x0000020f4da2ba40 JavaThread "Catalina-utility-2" [_thread_blocked, id=1196, stack(0x0000001314d00000,0x0000001314e00000)]
  0x0000020f4eda19e0 JavaThread "container-0" [_thread_blocked, id=18344, stack(0x0000001314e00000,0x0000001314f00000)]
  0x0000020f523a5f20 JavaThread "HikariPool-1 housekeeper" daemon [_thread_blocked, id=21200, stack(0x0000001314f00000,0x0000001315000000)]
  0x0000020f516c5310 JavaThread "spring.cloud.inetutils" daemon [_thread_blocked, id=26108, stack(0x0000001315100000,0x0000001315200000)]
  0x0000020f516c5cb0 JavaThread "http-nio-8080-exec-1" daemon [_thread_blocked, id=8992, stack(0x0000001315200000,0x0000001315300000)]
  0x0000020f516c4e40 JavaThread "http-nio-8080-exec-2" daemon [_thread_blocked, id=17744, stack(0x0000001315300000,0x0000001315400000)]
  0x0000020f516c57e0 JavaThread "http-nio-8080-exec-3" daemon [_thread_blocked, id=20432, stack(0x0000001315400000,0x0000001315500000)]
  0x0000020f516c3160 JavaThread "http-nio-8080-exec-4" daemon [_thread_blocked, id=12928, stack(0x0000001315500000,0x0000001315600000)]
  0x0000020f516c44a0 JavaThread "http-nio-8080-exec-5" daemon [_thread_blocked, id=24992, stack(0x0000001315600000,0x0000001315700000)]
  0x0000020f516c4970 JavaThread "http-nio-8080-exec-6" daemon [_thread_blocked, id=19988, stack(0x0000001315700000,0x0000001315800000)]
  0x0000020f516c22f0 JavaThread "http-nio-8080-exec-7" daemon [_thread_blocked, id=2700, stack(0x0000001315800000,0x0000001315900000)]
  0x0000020f516c3630 JavaThread "http-nio-8080-exec-8" daemon [_thread_blocked, id=7036, stack(0x0000001315900000,0x0000001315a00000)]
  0x0000020f516c2c90 JavaThread "http-nio-8080-exec-9" daemon [_thread_blocked, id=14852, stack(0x0000001315a00000,0x0000001315b00000)]
  0x0000020f516c3fd0 JavaThread "http-nio-8080-exec-10" daemon [_thread_blocked, id=11316, stack(0x0000001315b00000,0x0000001315c00000)]
  0x0000020f4f9fffd0 JavaThread "http-nio-8080-Poller" daemon [_thread_in_native, id=21932, stack(0x0000001315c00000,0x0000001315d00000)]
  0x0000020f4fa00970 JavaThread "http-nio-8080-Acceptor" daemon [_thread_in_native, id=9268, stack(0x0000001315d00000,0x0000001315e00000)]
  0x0000020f4fa004a0 JavaThread "DestroyJavaVM" [_thread_blocked, id=15772, stack(0x0000001312e00000,0x0000001312f00000)]
  0x0000020f4f9fec90 JavaThread "HikariPool-1 connection closer" daemon [_thread_blocked, id=4212, stack(0x0000001312b00000,0x0000001312c00000)]
  0x0000020f4fa00e40 JavaThread "HikariPool-1 connection adder" daemon [_thread_blocked, id=13196, stack(0x0000001312c00000,0x0000001312d00000)]

Other Threads:
  0x0000020f49b31b90 VMThread "VM Thread" [stack: 0x0000001313400000,0x0000001313500000] [id=22264]
  0x0000020f2ba69c70 WatcherThread [stack: 0x0000001314200000,0x0000001314300000] [id=11096]
  0x0000020f2ba4b600 GCTaskThread "GC Thread#0" [stack: 0x0000001312f00000,0x0000001313000000] [id=4720]
=>0x0000020f4af0f860 GCTaskThread "GC Thread#1" [stack: 0x0000001314400000,0x0000001314500000] [id=16952]
  0x0000020f4af35c70 GCTaskThread "GC Thread#2" [stack: 0x0000001314500000,0x0000001314600000] [id=11412]
  0x0000020f4b4e13b0 GCTaskThread "GC Thread#3" [stack: 0x0000001314600000,0x0000001314700000] [id=9020]
  0x0000020f4b79c7b0 GCTaskThread "GC Thread#4" [stack: 0x0000001314700000,0x0000001314800000] [id=26588]
  0x0000020f4b79d270 GCTaskThread "GC Thread#5" [stack: 0x0000001314800000,0x0000001314900000] [id=9144]
  0x0000020f4b79d9a0 GCTaskThread "GC Thread#6" [stack: 0x0000001314900000,0x0000001314a00000] [id=7972]
  0x0000020f4b5ce020 GCTaskThread "GC Thread#7" [stack: 0x0000001314b00000,0x0000001314c00000] [id=10120]
  0x0000020f2ba5c2a0 ConcurrentGCThread "G1 Main Marker" [stack: 0x0000001313000000,0x0000001313100000] [id=23548]
  0x0000020f2ba5d2f0 ConcurrentGCThread "G1 Conc#0" [stack: 0x0000001313100000,0x0000001313200000] [id=18692]
  0x0000020f4b6908a0 ConcurrentGCThread "G1 Conc#1" [stack: 0x0000001314a00000,0x0000001314b00000] [id=16776]
  0x0000020f499f10a0 ConcurrentGCThread "G1 Refine#0" [stack: 0x0000001313200000,0x0000001313300000] [id=12724]
  0x0000020f499f1960 ConcurrentGCThread "G1 Service" [stack: 0x0000001313300000,0x0000001313400000] [id=15452]

Threads with active compile tasks:

VM state: at safepoint (normal execution)

VM Mutex/Monitor currently owned by a thread:  ([mutex/lock_event])
[0x0000020f2ba07140] Threads_lock - owner thread: 0x0000020f49b31b90
[0x0000020f2ba07c80] Heap_lock - owner thread: 0x0000020f4f9fec90

Heap address: 0x0000000080a00000, size: 2038 MB, Compressed Oops mode: 32-bit

CDS archive(s) mapped at: [0x0000000800000000-0x0000000800bc0000-0x0000000800bc0000), size 12320768, SharedBaseAddress: 0x0000000800000000, ArchiveRelocationMode: 0.
Compressed class space mapped at: 0x0000000800c00000-0x0000000840c00000, reserved size: 1073741824
Narrow klass base: 0x0000000800000000, Narrow klass shift: 0, Narrow klass range: 0x100000000

GC Precious Log:
 CPUs: 8 total, 8 available
 Memory: 8151M
 Large Page Support: Disabled
 NUMA Support: Disabled
 Compressed Oops: Enabled (32-bit)
 Heap Region Size: 1M
 Heap Min Capacity: 8M
 Heap Initial Capacity: 128M
 Heap Max Capacity: 2038M
 Pre-touch: Disabled
 Parallel Workers: 8
 Concurrent Workers: 2
 Concurrent Refinement Workers: 8
 Periodic GC: Disabled

Heap:
 garbage-first heap   total 184320K, used 121682K [0x0000000080a00000, 0x0000000100000000)
  region size 1024K, 85 young (87040K), 10 survivors (10240K)
 Metaspace       used 59814K, committed 60288K, reserved 1105920K
  class space    used 7940K, committed 8128K, reserved 1048576K

Heap Regions: E=young(eden), S=young(survivor), O=old, HS=humongous(starts), HC=humongous(continues), CS=collection set, F=free, OA=open archive, CA=closed archive, TAMS=top-at-mark-start (previous, next)
|   0|0x0000000080a00000, 0x0000000080b00000, 0x0000000080b00000|100%|HS|  |TAMS 0x0000000080b00000, 0x0000000080a00000| Complete 
|   1|0x0000000080b00000, 0x0000000080c00000, 0x0000000080c00000|100%| O|  |TAMS 0x0000000080c00000, 0x0000000080b00000| Untracked 
|   2|0x0000000080c00000, 0x0000000080d00000, 0x0000000080d00000|100%| O|  |TAMS 0x0000000080d00000, 0x0000000080c00000| Untracked 
|   3|0x0000000080d00000, 0x0000000080e00000, 0x0000000080e00000|100%| O|  |TAMS 0x0000000080e00000, 0x0000000080d00000| Untracked 
|   4|0x0000000080e00000, 0x0000000080f00000, 0x0000000080f00000|100%| O|  |TAMS 0x0000000080f00000, 0x0000000080e00000| Untracked 
|   5|0x0000000080f00000, 0x0000000081000000, 0x0000000081000000|100%| O|  |TAMS 0x0000000081000000, 0x0000000080f00000| Untracked 
|   6|0x0000000081000000, 0x0000000081100000, 0x0000000081100000|100%| O|  |TAMS 0x0000000081100000, 0x0000000081000000| Untracked 
|   7|0x0000000081100000, 0x00000000811bfa00, 0x0000000081200000| 74%| O|  |TAMS 0x00000000811bfa00, 0x0000000081100000| Untracked 
|   8|0x0000000081200000, 0x0000000081300000, 0x0000000081300000|100%| O|  |TAMS 0x0000000081300000, 0x0000000081200000| Untracked 
|   9|0x0000000081300000, 0x0000000081400000, 0x0000000081400000|100%| O|  |TAMS 0x0000000081400000, 0x0000000081300000| Untracked 
|  10|0x0000000081400000, 0x0000000081500000, 0x0000000081500000|100%| O|  |TAMS 0x0000000081500000, 0x0000000081400000| Untracked 
|  11|0x0000000081500000, 0x0000000081600000, 0x0000000081600000|100%| O|  |TAMS 0x0000000081600000, 0x0000000081500000| Untracked 
|  12|0x0000000081600000, 0x0000000081700000, 0x0000000081700000|100%| O|  |TAMS 0x0000000081700000, 0x0000000081600000| Untracked 
|  13|0x0000000081700000, 0x0000000081800000, 0x0000000081800000|100%| O|  |TAMS 0x0000000081800000, 0x0000000081700000| Untracked 
|  14|0x0000000081800000, 0x0000000081900000, 0x0000000081900000|100%| O|  |TAMS 0x0000000081900000, 0x0000000081800000| Untracked 
|  15|0x0000000081900000, 0x0000000081a00000, 0x0000000081a00000|100%| O|  |TAMS 0x0000000081a00000, 0x0000000081900000| Untracked 
|  16|0x0000000081a00000, 0x0000000081b00000, 0x0000000081b00000|100%| O|  |TAMS 0x0000000081b00000, 0x0000000081a00000| Untracked 
|  17|0x0000000081b00000, 0x0000000081c00000, 0x0000000081c00000|100%| O|  |TAMS 0x0000000081c00000, 0x0000000081b00000| Untracked 
|  18|0x0000000081c00000, 0x0000000081d00000, 0x0000000081d00000|100%| O|  |TAMS 0x0000000081d00000, 0x0000000081c00000| Untracked 
|  19|0x0000000081d00000, 0x0000000081e00000, 0x0000000081e00000|100%| O|  |TAMS 0x0000000081e00000, 0x0000000081d00000| Untracked 
|  20|0x0000000081e00000, 0x0000000081f00000, 0x0000000081f00000|100%| O|  |TAMS 0x0000000081f00000, 0x0000000081e00000| Untracked 
|  21|0x0000000081f00000, 0x0000000082000000, 0x0000000082000000|100%| O|  |TAMS 0x0000000082000000, 0x0000000081f00000| Untracked 
|  22|0x0000000082000000, 0x0000000082100000, 0x0000000082100000|100%| O|  |TAMS 0x0000000082100000, 0x0000000082000000| Untracked 
|  23|0x0000000082100000, 0x0000000082200000, 0x0000000082200000|100%| O|  |TAMS 0x0000000082200000, 0x0000000082100000| Complete 
|  24|0x0000000082200000, 0x0000000082300000, 0x0000000082300000|100%| O|  |TAMS 0x0000000082300000, 0x0000000082200000| Untracked 
|  25|0x0000000082300000, 0x0000000082400000, 0x0000000082400000|100%| O|  |TAMS 0x0000000082400000, 0x0000000082300000| Untracked 
|  26|0x0000000082400000, 0x0000000082500000, 0x0000000082500000|100%| O|  |TAMS 0x0000000082500000, 0x0000000082400000| Complete 
|  27|0x0000000082500000, 0x0000000082600000, 0x0000000082600000|100%| O|  |TAMS 0x0000000082500000, 0x0000000082500000| Untracked 
|  28|0x0000000082600000, 0x0000000082700000, 0x0000000082700000|100%| O|  |TAMS 0x0000000082700000, 0x0000000082600000| Complete 
|  29|0x0000000082700000, 0x0000000082715000, 0x0000000082800000|  8%| O|  |TAMS 0x0000000082700000, 0x0000000082700000| Untracked 
|  30|0x0000000082800000, 0x0000000082900000, 0x0000000082900000|100%| O|  |TAMS 0x0000000082900000, 0x0000000082800000| Complete 
|  31|0x0000000082900000, 0x0000000082a00000, 0x0000000082a00000|100%| O|  |TAMS 0x0000000082a00000, 0x0000000082900000| Complete 
|  32|0x0000000082a00000, 0x0000000082b00000, 0x0000000082b00000|100%| O|  |TAMS 0x0000000082b00000, 0x0000000082a00000| Complete 
|  33|0x0000000082b00000, 0x0000000082c00000, 0x0000000082c00000|100%| O|  |TAMS 0x0000000082b00000, 0x0000000082b00000| Untracked 
|  34|0x0000000082c00000, 0x0000000082d00000, 0x0000000082d00000|100%| O|  |TAMS 0x0000000082d00000, 0x0000000082c00000| Untracked 
|  35|0x0000000082d00000, 0x0000000082e00000, 0x0000000082e00000|100%| O|  |TAMS 0x0000000082e00000, 0x0000000082d00000| Complete 
|  36|0x0000000082e00000, 0x0000000082f00000, 0x0000000082f00000|100%| O|  |TAMS 0x0000000082f00000, 0x0000000082e00000| Complete 
|  37|0x0000000082f00000, 0x0000000083000000, 0x0000000083000000|100%|HS|  |TAMS 0x0000000082f00000, 0x0000000082f00000| Complete 
|  38|0x0000000083000000, 0x0000000083100000, 0x0000000083100000|100%| O|  |TAMS 0x0000000083000000, 0x0000000083000000| Untracked 
|  39|0x0000000083100000, 0x000000008316be50, 0x0000000083200000| 42%| O|  |TAMS 0x0000000083100000, 0x0000000083100000| Untracked 
|  40|0x0000000083200000, 0x0000000083200000, 0x0000000083300000|  0%| F|  |TAMS 0x0000000083200000, 0x0000000083200000| Untracked 
|  41|0x0000000083300000, 0x0000000083400000, 0x0000000083400000|100%| O|  |TAMS 0x0000000083400000, 0x0000000083300000| Untracked 
|  42|0x0000000083400000, 0x0000000083500000, 0x0000000083500000|100%| O|  |TAMS 0x0000000083500000, 0x0000000083400000| Untracked 
|  43|0x0000000083500000, 0x0000000083600000, 0x0000000083600000|100%| O|  |TAMS 0x0000000083600000, 0x0000000083500000| Untracked 
|  44|0x0000000083600000, 0x0000000083700000, 0x0000000083700000|100%| O|  |TAMS 0x0000000083700000, 0x0000000083600000| Untracked 
|  45|0x0000000083700000, 0x0000000083800000, 0x0000000083800000|100%| O|  |TAMS 0x0000000083747800, 0x0000000083700000| Untracked 
|  46|0x0000000083800000, 0x0000000083800000, 0x0000000083900000|  0%| F|  |TAMS 0x0000000083800000, 0x0000000083800000| Untracked 
|  47|0x0000000083900000, 0x0000000083900000, 0x0000000083a00000|  0%| F|  |TAMS 0x0000000083900000, 0x0000000083900000| Untracked 
|  48|0x0000000083a00000, 0x0000000083a00000, 0x0000000083b00000|  0%| F|  |TAMS 0x0000000083a00000, 0x0000000083a00000| Untracked 
|  49|0x0000000083b00000, 0x0000000083b00000, 0x0000000083c00000|  0%| F|  |TAMS 0x0000000083b00000, 0x0000000083b00000| Untracked 
|  50|0x0000000083c00000, 0x0000000083c00000, 0x0000000083d00000|  0%| F|  |TAMS 0x0000000083c00000, 0x0000000083c00000| Untracked 
|  51|0x0000000083d00000, 0x0000000083d00000, 0x0000000083e00000|  0%| F|  |TAMS 0x0000000083d00000, 0x0000000083d00000| Untracked 
|  52|0x0000000083e00000, 0x0000000083e00000, 0x0000000083f00000|  0%| F|  |TAMS 0x0000000083e00000, 0x0000000083e00000| Untracked 
|  53|0x0000000083f00000, 0x0000000083f00000, 0x0000000084000000|  0%| F|  |TAMS 0x0000000083f00000, 0x0000000083f00000| Untracked 
|  54|0x0000000084000000, 0x0000000084000000, 0x0000000084100000|  0%| F|  |TAMS 0x0000000084000000, 0x0000000084000000| Untracked 
|  55|0x0000000084100000, 0x0000000084100000, 0x0000000084200000|  0%| F|  |TAMS 0x0000000084100000, 0x0000000084100000| Untracked 
|  56|0x0000000084200000, 0x0000000084200000, 0x0000000084300000|  0%| F|  |TAMS 0x0000000084200000, 0x0000000084200000| Untracked 
|  57|0x0000000084300000, 0x0000000084300000, 0x0000000084400000|  0%| F|  |TAMS 0x0000000084300000, 0x0000000084300000| Untracked 
|  58|0x0000000084400000, 0x0000000084400000, 0x0000000084500000|  0%| F|  |TAMS 0x0000000084400000, 0x0000000084400000| Untracked 
|  59|0x0000000084500000, 0x0000000084500000, 0x0000000084600000|  0%| F|  |TAMS 0x0000000084500000, 0x0000000084500000| Untracked 
|  60|0x0000000084600000, 0x0000000084600000, 0x0000000084700000|  0%| F|  |TAMS 0x0000000084600000, 0x0000000084600000| Untracked 
|  61|0x0000000084700000, 0x0000000084700000, 0x0000000084800000|  0%| F|  |TAMS 0x0000000084700000, 0x0000000084700000| Untracked 
|  62|0x0000000084800000, 0x0000000084800000, 0x0000000084900000|  0%| F|  |TAMS 0x0000000084800000, 0x0000000084800000| Untracked 
|  63|0x0000000084900000, 0x0000000084a00000, 0x0000000084a00000|100%| E|CS|TAMS 0x0000000084900000, 0x0000000084900000| Complete 
|  64|0x0000000084a00000, 0x0000000084b00000, 0x0000000084b00000|100%| E|CS|TAMS 0x0000000084a00000, 0x0000000084a00000| Complete 
|  65|0x0000000084b00000, 0x0000000084c00000, 0x0000000084c00000|100%| E|CS|TAMS 0x0000000084b00000, 0x0000000084b00000| Complete 
|  66|0x0000000084c00000, 0x0000000084c00000, 0x0000000084d00000|  0%| F|  |TAMS 0x0000000084c00000, 0x0000000084c00000| Untracked 
|  67|0x0000000084d00000, 0x0000000084d00000, 0x0000000084e00000|  0%| F|  |TAMS 0x0000000084d00000, 0x0000000084d00000| Untracked 
|  68|0x0000000084e00000, 0x0000000084e00000, 0x0000000084f00000|  0%| F|  |TAMS 0x0000000084e00000, 0x0000000084e00000| Untracked 
|  69|0x0000000084f00000, 0x0000000084f00000, 0x0000000085000000|  0%| F|  |TAMS 0x0000000084f00000, 0x0000000084f00000| Untracked 
|  70|0x0000000085000000, 0x0000000085000000, 0x0000000085100000|  0%| F|  |TAMS 0x0000000085000000, 0x0000000085000000| Untracked 
|  71|0x0000000085100000, 0x0000000085100000, 0x0000000085200000|  0%| F|  |TAMS 0x0000000085100000, 0x0000000085100000| Untracked 
|  72|0x0000000085200000, 0x0000000085200000, 0x0000000085300000|  0%| F|  |TAMS 0x0000000085200000, 0x0000000085200000| Untracked 
|  73|0x0000000085300000, 0x0000000085300000, 0x0000000085400000|  0%| F|  |TAMS 0x0000000085300000, 0x0000000085300000| Untracked 
|  74|0x0000000085400000, 0x0000000085400000, 0x0000000085500000|  0%| F|  |TAMS 0x0000000085400000, 0x0000000085400000| Untracked 
|  75|0x0000000085500000, 0x0000000085500000, 0x0000000085600000|  0%| F|  |TAMS 0x0000000085500000, 0x0000000085500000| Untracked 
|  76|0x0000000085600000, 0x0000000085600000, 0x0000000085700000|  0%| F|  |TAMS 0x0000000085600000, 0x0000000085600000| Untracked 
|  77|0x0000000085700000, 0x0000000085700000, 0x0000000085800000|  0%| F|  |TAMS 0x0000000085700000, 0x0000000085700000| Untracked 
|  78|0x0000000085800000, 0x0000000085800000, 0x0000000085900000|  0%| F|  |TAMS 0x0000000085800000, 0x0000000085800000| Untracked 
|  79|0x0000000085900000, 0x0000000085900000, 0x0000000085a00000|  0%| F|  |TAMS 0x0000000085900000, 0x0000000085900000| Untracked 
|  80|0x0000000085a00000, 0x0000000085a00000, 0x0000000085b00000|  0%| F|  |TAMS 0x0000000085a00000, 0x0000000085a00000| Untracked 
|  81|0x0000000085b00000, 0x0000000085b00000, 0x0000000085c00000|  0%| F|  |TAMS 0x0000000085b00000, 0x0000000085b00000| Untracked 
|  82|0x0000000085c00000, 0x0000000085c00000, 0x0000000085d00000|  0%| F|  |TAMS 0x0000000085c00000, 0x0000000085c00000| Untracked 
|  83|0x0000000085d00000, 0x0000000085d00000, 0x0000000085e00000|  0%| F|  |TAMS 0x0000000085d00000, 0x0000000085d00000| Untracked 
|  84|0x0000000085e00000, 0x0000000085e00000, 0x0000000085f00000|  0%| F|  |TAMS 0x0000000085e00000, 0x0000000085e00000| Untracked 
|  85|0x0000000085f00000, 0x0000000085f00000, 0x0000000086000000|  0%| F|  |TAMS 0x0000000085f00000, 0x0000000085f00000| Untracked 
|  86|0x0000000086000000, 0x0000000086000000, 0x0000000086100000|  0%| F|  |TAMS 0x0000000086000000, 0x0000000086000000| Untracked 
|  87|0x0000000086100000, 0x0000000086100000, 0x0000000086200000|  0%| F|  |TAMS 0x0000000086100000, 0x0000000086100000| Untracked 
|  88|0x0000000086200000, 0x0000000086200000, 0x0000000086300000|  0%| F|  |TAMS 0x0000000086200000, 0x0000000086200000| Untracked 
|  89|0x0000000086300000, 0x0000000086300000, 0x0000000086400000|  0%| F|  |TAMS 0x0000000086300000, 0x0000000086300000| Untracked 
|  90|0x0000000086400000, 0x0000000086400000, 0x0000000086500000|  0%| F|  |TAMS 0x0000000086400000, 0x0000000086400000| Untracked 
|  91|0x0000000086500000, 0x0000000086500000, 0x0000000086600000|  0%| F|  |TAMS 0x0000000086500000, 0x0000000086500000| Untracked 
|  92|0x0000000086600000, 0x0000000086600000, 0x0000000086700000|  0%| F|  |TAMS 0x0000000086600000, 0x0000000086600000| Untracked 
|  93|0x0000000086700000, 0x0000000086700000, 0x0000000086800000|  0%| F|  |TAMS 0x0000000086700000, 0x0000000086700000| Untracked 
|  94|0x0000000086800000, 0x0000000086800000, 0x0000000086900000|  0%| F|  |TAMS 0x0000000086800000, 0x0000000086800000| Untracked 
|  95|0x0000000086900000, 0x0000000086a00000, 0x0000000086a00000|100%| S|  |TAMS 0x0000000086900000, 0x0000000086900000| Complete 
|  96|0x0000000086a00000, 0x0000000086b00000, 0x0000000086b00000|100%| S|  |TAMS 0x0000000086a00000, 0x0000000086a00000| Complete 
|  97|0x0000000086b00000, 0x0000000086c00000, 0x0000000086c00000|100%| S|  |TAMS 0x0000000086b00000, 0x0000000086b00000| Complete 
|  98|0x0000000086c00000, 0x0000000086d00000, 0x0000000086d00000|100%| S|  |TAMS 0x0000000086c00000, 0x0000000086c00000| Complete 
|  99|0x0000000086d00000, 0x0000000086e00000, 0x0000000086e00000|100%| S|  |TAMS 0x0000000086d00000, 0x0000000086d00000| Complete 
| 100|0x0000000086e00000, 0x0000000086f00000, 0x0000000086f00000|100%| S|  |TAMS 0x0000000086e00000, 0x0000000086e00000| Complete 
| 101|0x0000000086f00000, 0x0000000087000000, 0x0000000087000000|100%| S|  |TAMS 0x0000000086f00000, 0x0000000086f00000| Complete 
| 102|0x0000000087000000, 0x0000000087100000, 0x0000000087100000|100%| S|  |TAMS 0x0000000087000000, 0x0000000087000000| Complete 
| 103|0x0000000087100000, 0x0000000087200000, 0x0000000087200000|100%| S|  |TAMS 0x0000000087100000, 0x0000000087100000| Complete 
| 104|0x0000000087200000, 0x0000000087300000, 0x0000000087300000|100%| S|  |TAMS 0x0000000087200000, 0x0000000087200000| Complete 
| 105|0x0000000087300000, 0x0000000087400000, 0x0000000087400000|100%| E|CS|TAMS 0x0000000087300000, 0x0000000087300000| Complete 
| 106|0x0000000087400000, 0x0000000087500000, 0x0000000087500000|100%| E|CS|TAMS 0x0000000087400000, 0x0000000087400000| Complete 
| 107|0x0000000087500000, 0x0000000087600000, 0x0000000087600000|100%| E|CS|TAMS 0x0000000087500000, 0x0000000087500000| Complete 
| 108|0x0000000087600000, 0x0000000087700000, 0x0000000087700000|100%| E|CS|TAMS 0x0000000087600000, 0x0000000087600000| Complete 
| 109|0x0000000087700000, 0x0000000087800000, 0x0000000087800000|100%| E|CS|TAMS 0x0000000087700000, 0x0000000087700000| Complete 
| 110|0x0000000087800000, 0x0000000087900000, 0x0000000087900000|100%| E|CS|TAMS 0x0000000087800000, 0x0000000087800000| Complete 
| 111|0x0000000087900000, 0x0000000087a00000, 0x0000000087a00000|100%| E|CS|TAMS 0x0000000087900000, 0x0000000087900000| Complete 
| 112|0x0000000087a00000, 0x0000000087b00000, 0x0000000087b00000|100%| E|CS|TAMS 0x0000000087a00000, 0x0000000087a00000| Complete 
| 113|0x0000000087b00000, 0x0000000087c00000, 0x0000000087c00000|100%| E|CS|TAMS 0x0000000087b00000, 0x0000000087b00000| Complete 
| 114|0x0000000087c00000, 0x0000000087d00000, 0x0000000087d00000|100%| E|CS|TAMS 0x0000000087c00000, 0x0000000087c00000| Complete 
| 115|0x0000000087d00000, 0x0000000087e00000, 0x0000000087e00000|100%| E|CS|TAMS 0x0000000087d00000, 0x0000000087d00000| Complete 
| 116|0x0000000087e00000, 0x0000000087f00000, 0x0000000087f00000|100%| E|CS|TAMS 0x0000000087e00000, 0x0000000087e00000| Complete 
| 117|0x0000000087f00000, 0x0000000088000000, 0x0000000088000000|100%| E|CS|TAMS 0x0000000087f00000, 0x0000000087f00000| Complete 
| 118|0x0000000088000000, 0x0000000088100000, 0x0000000088100000|100%| E|CS|TAMS 0x0000000088000000, 0x0000000088000000| Complete 
| 119|0x0000000088100000, 0x0000000088200000, 0x0000000088200000|100%| E|CS|TAMS 0x0000000088100000, 0x0000000088100000| Complete 
| 120|0x0000000088200000, 0x0000000088300000, 0x0000000088300000|100%| E|CS|TAMS 0x0000000088200000, 0x0000000088200000| Complete 
| 121|0x0000000088300000, 0x0000000088400000, 0x0000000088400000|100%| E|CS|TAMS 0x0000000088300000, 0x0000000088300000| Complete 
| 122|0x0000000088400000, 0x0000000088500000, 0x0000000088500000|100%| E|CS|TAMS 0x0000000088400000, 0x0000000088400000| Complete 
| 123|0x0000000088500000, 0x0000000088600000, 0x0000000088600000|100%| E|CS|TAMS 0x0000000088500000, 0x0000000088500000| Complete 
| 124|0x0000000088600000, 0x0000000088700000, 0x0000000088700000|100%| E|CS|TAMS 0x0000000088600000, 0x0000000088600000| Complete 
| 125|0x0000000088700000, 0x0000000088800000, 0x0000000088800000|100%| E|CS|TAMS 0x0000000088700000, 0x0000000088700000| Complete 
| 126|0x0000000088800000, 0x0000000088900000, 0x0000000088900000|100%| E|CS|TAMS 0x0000000088800000, 0x0000000088800000| Complete 
| 127|0x0000000088900000, 0x0000000088a00000, 0x0000000088a00000|100%| E|CS|TAMS 0x0000000088900000, 0x0000000088900000| Complete 
| 128|0x0000000088a00000, 0x0000000088b00000, 0x0000000088b00000|100%| E|CS|TAMS 0x0000000088a00000, 0x0000000088a00000| Complete 
| 129|0x0000000088b00000, 0x0000000088c00000, 0x0000000088c00000|100%| E|CS|TAMS 0x0000000088b00000, 0x0000000088b00000| Complete 
| 130|0x0000000088c00000, 0x0000000088d00000, 0x0000000088d00000|100%| E|CS|TAMS 0x0000000088c00000, 0x0000000088c00000| Complete 
| 131|0x0000000088d00000, 0x0000000088e00000, 0x0000000088e00000|100%| E|CS|TAMS 0x0000000088d00000, 0x0000000088d00000| Complete 
| 132|0x0000000088e00000, 0x0000000088f00000, 0x0000000088f00000|100%| E|CS|TAMS 0x0000000088e00000, 0x0000000088e00000| Complete 
| 133|0x0000000088f00000, 0x0000000089000000, 0x0000000089000000|100%| E|CS|TAMS 0x0000000088f00000, 0x0000000088f00000| Complete 
| 134|0x0000000089000000, 0x0000000089100000, 0x0000000089100000|100%| E|CS|TAMS 0x0000000089000000, 0x0000000089000000| Complete 
| 135|0x0000000089100000, 0x0000000089200000, 0x0000000089200000|100%| E|CS|TAMS 0x0000000089100000, 0x0000000089100000| Complete 
| 136|0x0000000089200000, 0x0000000089300000, 0x0000000089300000|100%| E|CS|TAMS 0x0000000089200000, 0x0000000089200000| Complete 
| 137|0x0000000089300000, 0x0000000089400000, 0x0000000089400000|100%| E|CS|TAMS 0x0000000089300000, 0x0000000089300000| Complete 
| 138|0x0000000089400000, 0x0000000089500000, 0x0000000089500000|100%| E|CS|TAMS 0x0000000089400000, 0x0000000089400000| Complete 
| 139|0x0000000089500000, 0x0000000089600000, 0x0000000089600000|100%| E|CS|TAMS 0x0000000089500000, 0x0000000089500000| Complete 
| 140|0x0000000089600000, 0x0000000089700000, 0x0000000089700000|100%| E|CS|TAMS 0x0000000089600000, 0x0000000089600000| Complete 
| 141|0x0000000089700000, 0x0000000089800000, 0x0000000089800000|100%| E|CS|TAMS 0x0000000089700000, 0x0000000089700000| Complete 
| 142|0x0000000089800000, 0x0000000089900000, 0x0000000089900000|100%| E|CS|TAMS 0x0000000089800000, 0x0000000089800000| Complete 
| 143|0x0000000089900000, 0x0000000089a00000, 0x0000000089a00000|100%| E|CS|TAMS 0x0000000089900000, 0x0000000089900000| Complete 
| 144|0x0000000089a00000, 0x0000000089b00000, 0x0000000089b00000|100%| E|CS|TAMS 0x0000000089a00000, 0x0000000089a00000| Complete 
| 145|0x0000000089b00000, 0x0000000089c00000, 0x0000000089c00000|100%| E|CS|TAMS 0x0000000089b00000, 0x0000000089b00000| Complete 
| 146|0x0000000089c00000, 0x0000000089d00000, 0x0000000089d00000|100%| E|CS|TAMS 0x0000000089c00000, 0x0000000089c00000| Complete 
| 147|0x0000000089d00000, 0x0000000089e00000, 0x0000000089e00000|100%| E|CS|TAMS 0x0000000089d00000, 0x0000000089d00000| Complete 
| 148|0x0000000089e00000, 0x0000000089f00000, 0x0000000089f00000|100%| E|CS|TAMS 0x0000000089e00000, 0x0000000089e00000| Complete 
| 149|0x0000000089f00000, 0x000000008a000000, 0x000000008a000000|100%| E|CS|TAMS 0x0000000089f00000, 0x0000000089f00000| Complete 
| 150|0x000000008a000000, 0x000000008a100000, 0x000000008a100000|100%| E|CS|TAMS 0x000000008a000000, 0x000000008a000000| Complete 
| 151|0x000000008a100000, 0x000000008a200000, 0x000000008a200000|100%| E|CS|TAMS 0x000000008a100000, 0x000000008a100000| Complete 
| 152|0x000000008a200000, 0x000000008a300000, 0x000000008a300000|100%| E|CS|TAMS 0x000000008a200000, 0x000000008a200000| Complete 
| 153|0x000000008a300000, 0x000000008a400000, 0x000000008a400000|100%| E|CS|TAMS 0x000000008a300000, 0x000000008a300000| Complete 
| 154|0x000000008a400000, 0x000000008a500000, 0x000000008a500000|100%| E|CS|TAMS 0x000000008a400000, 0x000000008a400000| Complete 
| 155|0x000000008a500000, 0x000000008a600000, 0x000000008a600000|100%| E|CS|TAMS 0x000000008a500000, 0x000000008a500000| Complete 
| 156|0x000000008a600000, 0x000000008a700000, 0x000000008a700000|100%| E|CS|TAMS 0x000000008a600000, 0x000000008a600000| Complete 
| 157|0x000000008a700000, 0x000000008a800000, 0x000000008a800000|100%| E|CS|TAMS 0x000000008a700000, 0x000000008a700000| Complete 
| 158|0x000000008a800000, 0x000000008a900000, 0x000000008a900000|100%| E|CS|TAMS 0x000000008a800000, 0x000000008a800000| Complete 
| 159|0x000000008a900000, 0x000000008aa00000, 0x000000008aa00000|100%| E|CS|TAMS 0x000000008a900000, 0x000000008a900000| Complete 
| 160|0x000000008aa00000, 0x000000008ab00000, 0x000000008ab00000|100%| E|CS|TAMS 0x000000008aa00000, 0x000000008aa00000| Complete 
| 161|0x000000008ab00000, 0x000000008ac00000, 0x000000008ac00000|100%| E|CS|TAMS 0x000000008ab00000, 0x000000008ab00000| Complete 
| 162|0x000000008ac00000, 0x000000008ad00000, 0x000000008ad00000|100%| E|CS|TAMS 0x000000008ac00000, 0x000000008ac00000| Complete 
| 163|0x000000008ad00000, 0x000000008ae00000, 0x000000008ae00000|100%| E|CS|TAMS 0x000000008ad00000, 0x000000008ad00000| Complete 
| 164|0x000000008ae00000, 0x000000008af00000, 0x000000008af00000|100%| E|CS|TAMS 0x000000008ae00000, 0x000000008ae00000| Complete 
| 165|0x000000008af00000, 0x000000008b000000, 0x000000008b000000|100%| E|CS|TAMS 0x000000008af00000, 0x000000008af00000| Complete 
| 166|0x000000008b000000, 0x000000008b100000, 0x000000008b100000|100%| E|CS|TAMS 0x000000008b000000, 0x000000008b000000| Complete 
| 167|0x000000008b100000, 0x000000008b200000, 0x000000008b200000|100%| E|CS|TAMS 0x000000008b100000, 0x000000008b100000| Complete 
| 168|0x000000008b200000, 0x000000008b300000, 0x000000008b300000|100%| E|CS|TAMS 0x000000008b200000, 0x000000008b200000| Complete 
| 169|0x000000008b300000, 0x000000008b400000, 0x000000008b400000|100%| E|CS|TAMS 0x000000008b300000, 0x000000008b300000| Complete 
| 170|0x000000008b400000, 0x000000008b500000, 0x000000008b500000|100%| E|CS|TAMS 0x000000008b400000, 0x000000008b400000| Complete 
| 179|0x000000008bd00000, 0x000000008be00000, 0x000000008be00000|100%| E|CS|TAMS 0x000000008bd00000, 0x000000008bd00000| Complete 
| 180|0x000000008be00000, 0x000000008bf00000, 0x000000008bf00000|100%| E|CS|TAMS 0x000000008be00000, 0x000000008be00000| Complete 
| 181|0x000000008bf00000, 0x000000008c000000, 0x000000008c000000|100%| E|CS|TAMS 0x000000008bf00000, 0x000000008bf00000| Complete 
| 182|0x000000008c000000, 0x000000008c100000, 0x000000008c100000|100%| E|CS|TAMS 0x000000008c000000, 0x000000008c000000| Complete 
| 183|0x000000008c100000, 0x000000008c200000, 0x000000008c200000|100%| E|CS|TAMS 0x000000008c100000, 0x000000008c100000| Complete 
| 184|0x000000008c200000, 0x000000008c300000, 0x000000008c300000|100%| E|CS|TAMS 0x000000008c200000, 0x000000008c200000| Complete 
| 185|0x000000008c300000, 0x000000008c400000, 0x000000008c400000|100%| E|CS|TAMS 0x000000008c300000, 0x000000008c300000| Complete 
| 186|0x000000008c400000, 0x000000008c500000, 0x000000008c500000|100%| E|CS|TAMS 0x000000008c400000, 0x000000008c400000| Complete 
| 187|0x000000008c500000, 0x000000008c600000, 0x000000008c600000|100%| E|CS|TAMS 0x000000008c500000, 0x000000008c500000| Complete 

Card table byte_map: [0x0000020f42980000,0x0000020f42d80000] _byte_map_base: 0x0000020f4257b000

Marking Bits (Prev, Next): (CMBitMap*) 0x0000020f2ba4baf0, (CMBitMap*) 0x0000020f2ba4bab0
 Prev Bits: [0x0000020f45160000, 0x0000020f47138000)
 Next Bits: [0x0000020f43180000, 0x0000020f45158000)

Polling page: 0x0000020f29ba0000

Metaspace:

Usage:
  Non-class:     50.66 MB used.
      Class:      7.75 MB used.
       Both:     58.41 MB used.

Virtual space:
  Non-class space:       56.00 MB reserved,      50.94 MB ( 91%) committed,  7 nodes.
      Class space:        1.00 GB reserved,       7.94 MB ( <1%) committed,  1 nodes.
             Both:        1.05 GB reserved,      58.88 MB (  5%) committed. 

Chunk freelists:
   Non-Class:  752.00 KB
       Class:  79.00 KB
        Both:  831.00 KB

MaxMetaspaceSize: unlimited
CompressedClassSpaceSize: 1.00 GB
Initial GC threshold: 21.00 MB
Current GC threshold: 84.31 MB
CDS: on
MetaspaceReclaimPolicy: balanced
 - commit_granule_bytes: 65536.
 - commit_granule_words: 8192.
 - virtual_space_node_default_size: 1048576.
 - enlarge_chunks_in_place: 1.
 - new_chunks_are_fully_committed: 0.
 - uncommit_free_chunks: 1.
 - use_allocation_guard: 0.
 - handle_deallocations: 1.


Internal statistics:

num_allocs_failed_limit: 6.
num_arena_births: 560.
num_arena_deaths: 0.
num_vsnodes_births: 8.
num_vsnodes_deaths: 0.
num_space_committed: 942.
num_space_uncommitted: 0.
num_chunks_returned_to_freelist: 6.
num_chunks_taken_from_freelist: 2771.
num_chunk_merges: 3.
num_chunk_splits: 1948.
num_chunks_enlarged: 1500.
num_purges: 0.
num_inconsistent_stats: 0.

CodeHeap 'non-profiled nmethods': size=120000Kb used=4173Kb max_used=4173Kb free=115826Kb
 bounds [0x0000020f3ad20000, 0x0000020f3b140000, 0x0000020f42250000]
CodeHeap 'profiled nmethods': size=120000Kb used=12306Kb max_used=12306Kb free=107693Kb
 bounds [0x0000020f337f0000, 0x0000020f34400000, 0x0000020f3ad20000]
CodeHeap 'non-nmethods': size=5760Kb used=1305Kb max_used=1371Kb free=4454Kb
 bounds [0x0000020f33250000, 0x0000020f334c0000, 0x0000020f337f0000]
 total_blobs=6433 nmethods=5801 adapters=544
 compilation: enabled
              stopped_count=0, restarted_count=0
 full_count=0

Compilation events (20 events):
Event: 8843.117 Thread 0x0000020f49b5b960 6538       1       org.h2.mvstore.tx.VersionedBitSet::setVersion (6 bytes)
Event: 8843.118 Thread 0x0000020f49b5b960 nmethod 6538 0x0000020f3b131910 code [0x0000020f3b131aa0, 0x0000020f3b131b78]
Event: 8865.255 Thread 0x0000020f49b5b960 6539       1       org.h2.command.Token::setStart (6 bytes)
Event: 8865.255 Thread 0x0000020f49b5b960 nmethod 6539 0x0000020f3b131c10 code [0x0000020f3b131da0, 0x0000020f3b131e78]
Event: 8865.256 Thread 0x0000020f49b5b960 6540       1       org.h2.engine.Database::getStore (5 bytes)
Event: 8865.256 Thread 0x0000020f49b5b960 nmethod 6540 0x0000020f3b131f10 code [0x0000020f3b1320a0, 0x0000020f3b132178]
Event: 8865.256 Thread 0x0000020f49b5b960 6541       1       org.h2.engine.Database::isReadOnly (5 bytes)
Event: 8865.256 Thread 0x0000020f49b5b960 nmethod 6541 0x0000020f3b132210 code [0x0000020f3b1323a0, 0x0000020f3b132478]
Event: 8876.105 Thread 0x0000020f49b5b960 6542       1       org.h2.engine.SessionLocal::isVariableBinary (5 bytes)
Event: 8876.106 Thread 0x0000020f49b5b960 nmethod 6542 0x0000020f3b132510 code [0x0000020f3b1326a0, 0x0000020f3b132778]
Event: 8876.106 Thread 0x0000020f49b5b960 6543       1       org.h2.engine.SessionLocal::getNonKeywords (5 bytes)
Event: 8876.106 Thread 0x0000020f49b5b960 nmethod 6543 0x0000020f3b132810 code [0x0000020f3b1329a0, 0x0000020f3b132a78]
Event: 8876.107 Thread 0x0000020f49b5b960 6544       1       org.h2.command.Token$EndOfInputToken::tokenType (3 bytes)
Event: 8876.107 Thread 0x0000020f49b5b960 nmethod 6544 0x0000020f3b132b10 code [0x0000020f3b132ca0, 0x0000020f3b132d78]
Event: 8876.107 Thread 0x0000020f49b5b960 6545       1       org.h2.command.Prepared::getSQL (5 bytes)
Event: 8876.107 Thread 0x0000020f49b5b960 nmethod 6545 0x0000020f3b132e10 code [0x0000020f3b132fa0, 0x0000020f3b133078]
Event: 8876.107 Thread 0x0000020f49b5b960 6546       1       org.h2.command.Prepared::setCteCleanups (6 bytes)
Event: 8876.107 Thread 0x0000020f49b5b960 nmethod 6546 0x0000020f3b133110 code [0x0000020f3b1332a0, 0x0000020f3b1333b8]
Event: 8876.107 Thread 0x0000020f49b5b960 6547       1       org.h2.command.Prepared::setPrepareAlways (6 bytes)
Event: 8876.107 Thread 0x0000020f49b5b960 nmethod 6547 0x0000020f3b133410 code [0x0000020f3b1335a0, 0x0000020f3b133678]

GC Heap History (20 events):
Event: 4.606 GC heap after
{Heap after GC invocations=12 (full 0):
 garbage-first heap   total 51200K, used 22923K [0x0000000080a00000, 0x0000000100000000)
  region size 1024K, 3 young (3072K), 3 survivors (3072K)
 Metaspace       used 48854K, committed 49216K, reserved 1097728K
  class space    used 6603K, committed 6784K, reserved 1048576K
}
Event: 4.910 GC heap before
{Heap before GC invocations=12 (full 0):
 garbage-first heap   total 51200K, used 38283K [0x0000000080a00000, 0x0000000100000000)
  region size 1024K, 19 young (19456K), 3 survivors (3072K)
 Metaspace       used 51157K, committed 51520K, reserved 1097728K
  class space    used 6882K, committed 7040K, reserved 1048576K
}
Event: 4.915 GC heap after
{Heap after GC invocations=13 (full 0):
 garbage-first heap   total 51200K, used 24586K [0x0000000080a00000, 0x0000000100000000)
  region size 1024K, 2 young (2048K), 2 survivors (2048K)
 Metaspace       used 51157K, committed 51520K, reserved 1097728K
  class space    used 6882K, committed 7040K, reserved 1048576K
}
Event: 4.916 GC heap before
{Heap before GC invocations=13 (full 0):
 garbage-first heap   total 51200K, used 25610K [0x0000000080a00000, 0x0000000100000000)
  region size 1024K, 4 young (4096K), 2 survivors (2048K)
 Metaspace       used 51163K, committed 51520K, reserved 1097728K
  class space    used 6883K, committed 7040K, reserved 1048576K
}
Event: 4.918 GC heap after
{Heap after GC invocations=14 (full 0):
 garbage-first heap   total 51200K, used 25031K [0x0000000080a00000, 0x0000000100000000)
  region size 1024K, 3 young (3072K), 3 survivors (3072K)
 Metaspace       used 51163K, committed 51520K, reserved 1097728K
  class space    used 6883K, committed 7040K, reserved 1048576K
}
Event: 4.977 GC heap before
{Heap before GC invocations=14 (full 0):
 garbage-first heap   total 61440K, used 37319K [0x0000000080a00000, 0x0000000100000000)
  region size 1024K, 14 young (14336K), 3 survivors (3072K)
 Metaspace       used 51237K, committed 51584K, reserved 1097728K
  class space    used 6886K, committed 7040K, reserved 1048576K
}
Event: 4.980 GC heap after
{Heap after GC invocations=15 (full 0):
 garbage-first heap   total 73728K, used 27119K [0x0000000080a00000, 0x0000000100000000)
  region size 1024K, 2 young (2048K), 2 survivors (2048K)
 Metaspace       used 51237K, committed 51584K, reserved 1097728K
  class space    used 6886K, committed 7040K, reserved 1048576K
}
Event: 5.092 GC heap before
{Heap before GC invocations=16 (full 0):
 garbage-first heap   total 73728K, used 49647K [0x0000000080a00000, 0x0000000100000000)
  region size 1024K, 23 young (23552K), 2 survivors (2048K)
 Metaspace       used 51287K, committed 51584K, reserved 1097728K
  class space    used 6889K, committed 7040K, reserved 1048576K
}
Event: 5.096 GC heap after
{Heap after GC invocations=17 (full 0):
 garbage-first heap   total 73728K, used 32340K [0x0000000080a00000, 0x0000000100000000)
  region size 1024K, 3 young (3072K), 3 survivors (3072K)
 Metaspace       used 51287K, committed 51584K, reserved 1097728K
  class space    used 6889K, committed 7040K, reserved 1048576K
}
Event: 5.177 GC heap before
{Heap before GC invocations=17 (full 0):
 garbage-first heap   total 73728K, used 51796K [0x0000000080a00000, 0x0000000100000000)
  region size 1024K, 21 young (21504K), 3 survivors (3072K)
 Metaspace       used 51330K, committed 51776K, reserved 1097728K
  class space    used 6898K, committed 7104K, reserved 1048576K
}
Event: 5.180 GC heap after
{Heap after GC invocations=18 (full 0):
 garbage-first heap   total 73728K, used 37029K [0x0000000080a00000, 0x0000000100000000)
  region size 1024K, 3 young (3072K), 3 survivors (3072K)
 Metaspace       used 51330K, committed 51776K, reserved 1097728K
  class space    used 6898K, committed 7104K, reserved 1048576K
}
Event: 5.210 GC heap before
{Heap before GC invocations=18 (full 0):
 garbage-first heap   total 73728K, used 49317K [0x0000000080a00000, 0x0000000100000000)
  region size 1024K, 16 young (16384K), 3 survivors (3072K)
 Metaspace       used 51339K, committed 51776K, reserved 1097728K
  class space    used 6898K, committed 7104K, reserved 1048576K
}
Event: 5.213 GC heap after
{Heap after GC invocations=19 (full 0):
 garbage-first heap   total 73728K, used 40087K [0x0000000080a00000, 0x0000000100000000)
  region size 1024K, 3 young (3072K), 3 survivors (3072K)
 Metaspace       used 51339K, committed 51776K, reserved 1097728K
  class space    used 6898K, committed 7104K, reserved 1048576K
}
Event: 5.297 GC heap before
{Heap before GC invocations=20 (full 0):
 garbage-first heap   total 87040K, used 54423K [0x0000000080a00000, 0x0000000100000000)
  region size 1024K, 17 young (17408K), 3 survivors (3072K)
 Metaspace       used 51392K, committed 51840K, reserved 1097728K
  class space    used 6898K, committed 7104K, reserved 1048576K
}
Event: 5.301 GC heap after
{Heap after GC invocations=21 (full 0):
 garbage-first heap   total 87040K, used 44516K [0x0000000080a00000, 0x0000000100000000)
  region size 1024K, 3 young (3072K), 3 survivors (3072K)
 Metaspace       used 51392K, committed 51840K, reserved 1097728K
  class space    used 6898K, committed 7104K, reserved 1048576K
}
Event: 5.305 GC heap before
{Heap before GC invocations=21 (full 0):
 garbage-first heap   total 87040K, used 46564K [0x0000000080a00000, 0x0000000100000000)
  region size 1024K, 4 young (4096K), 3 survivors (3072K)
 Metaspace       used 51394K, committed 51840K, reserved 1097728K
  class space    used 6898K, committed 7104K, reserved 1048576K
}
Event: 5.308 GC heap after
{Heap after GC invocations=22 (full 0):
 garbage-first heap   total 87040K, used 44703K [0x0000000080a00000, 0x0000000100000000)
  region size 1024K, 1 young (1024K), 1 survivors (1024K)
 Metaspace       used 51394K, committed 51840K, reserved 1097728K
  class space    used 6898K, committed 7104K, reserved 1048576K
}
Event: 5.342 GC heap before
{Heap before GC invocations=22 (full 0):
 garbage-first heap   total 87040K, used 62111K [0x0000000080a00000, 0x0000000100000000)
  region size 1024K, 19 young (19456K), 1 survivors (1024K)
 Metaspace       used 51402K, committed 51840K, reserved 1097728K
  class space    used 6898K, committed 7104K, reserved 1048576K
}
Event: 5.345 GC heap after
{Heap after GC invocations=23 (full 0):
 garbage-first heap   total 192512K, used 47954K [0x0000000080a00000, 0x0000000100000000)
  region size 1024K, 3 young (3072K), 3 survivors (3072K)
 Metaspace       used 51402K, committed 51840K, reserved 1097728K
  class space    used 6898K, committed 7104K, reserved 1048576K
}
Event: 8897.950 GC heap before
{Heap before GC invocations=24 (full 0):
 garbage-first heap   total 184320K, used 120658K [0x0000000080a00000, 0x0000000100000000)
  region size 1024K, 78 young (79872K), 3 survivors (3072K)
 Metaspace       used 59814K, committed 60288K, reserved 1105920K
  class space    used 7940K, committed 8128K, reserved 1048576K
}

Deoptimization events (20 events):
Event: 8259.517 Thread 0x0000020f4da2ba40 Uncommon trap: trap_request=0xffffffbe fr.pc=0x0000020f3b12fbb0 relative=0x0000000000000210
Event: 8259.517 Thread 0x0000020f4da2ba40 Uncommon trap: reason=profile_predicate action=maybe_recompile pc=0x0000020f3b12fbb0 method=java.util.HashMap.valuesToArray([Ljava/lang/Object;)[Ljava/lang/Object; @ 48 c2
Event: 8259.518 Thread 0x0000020f4da2ba40 DEOPT PACKING pc=0x0000020f3b12fbb0 sp=0x0000001314dfeef0
Event: 8259.518 Thread 0x0000020f4da2ba40 DEOPT UNPACKING pc=0x0000020f332a23a3 sp=0x0000001314dfee98 mode 2
Event: 8369.624 Thread 0x0000020f4da2ba40 Uncommon trap: trap_request=0xffffffd6 fr.pc=0x0000020f3b1303c0 relative=0x0000000000000420
Event: 8369.624 Thread 0x0000020f4da2ba40 Uncommon trap: reason=array_check action=maybe_recompile pc=0x0000020f3b1303c0 method=java.util.HashMap.valuesToArray([Ljava/lang/Object;)[Ljava/lang/Object; @ 62 c2
Event: 8369.624 Thread 0x0000020f4da2ba40 DEOPT PACKING pc=0x0000020f3b1303c0 sp=0x0000001314dfef00
Event: 8369.624 Thread 0x0000020f4da2ba40 DEOPT UNPACKING pc=0x0000020f332a23a3 sp=0x0000001314dfee88 mode 2
Event: 8369.624 Thread 0x0000020f4da2ba40 Uncommon trap: trap_request=0xffffffd6 fr.pc=0x0000020f3b1303c0 relative=0x0000000000000420
Event: 8369.624 Thread 0x0000020f4da2ba40 Uncommon trap: reason=array_check action=maybe_recompile pc=0x0000020f3b1303c0 method=java.util.HashMap.valuesToArray([Ljava/lang/Object;)[Ljava/lang/Object; @ 62 c2
Event: 8369.624 Thread 0x0000020f4da2ba40 DEOPT PACKING pc=0x0000020f3b1303c0 sp=0x0000001314dfee40
Event: 8369.625 Thread 0x0000020f4da2ba40 DEOPT UNPACKING pc=0x0000020f332a23a3 sp=0x0000001314dfedc8 mode 2
Event: 8369.625 Thread 0x0000020f4da2ba40 Uncommon trap: trap_request=0xffffffd6 fr.pc=0x0000020f3b1303c0 relative=0x0000000000000420
Event: 8369.625 Thread 0x0000020f4da2ba40 Uncommon trap: reason=array_check action=maybe_recompile pc=0x0000020f3b1303c0 method=java.util.HashMap.valuesToArray([Ljava/lang/Object;)[Ljava/lang/Object; @ 62 c2
Event: 8369.625 Thread 0x0000020f4da2ba40 DEOPT PACKING pc=0x0000020f3b1303c0 sp=0x0000001314dfed80
Event: 8369.625 Thread 0x0000020f4da2ba40 DEOPT UNPACKING pc=0x0000020f332a23a3 sp=0x0000001314dfed08 mode 2
Event: 8379.629 Thread 0x0000020f4da2ba40 Uncommon trap: trap_request=0xffffffd6 fr.pc=0x0000020f3b1303c0 relative=0x0000000000000420
Event: 8379.629 Thread 0x0000020f4da2ba40 Uncommon trap: reason=array_check action=maybe_recompile pc=0x0000020f3b1303c0 method=java.util.HashMap.valuesToArray([Ljava/lang/Object;)[Ljava/lang/Object; @ 62 c2
Event: 8379.629 Thread 0x0000020f4da2ba40 DEOPT PACKING pc=0x0000020f3b1303c0 sp=0x0000001314dfef00
Event: 8379.629 Thread 0x0000020f4da2ba40 DEOPT UNPACKING pc=0x0000020f332a23a3 sp=0x0000001314dfee88 mode 2

Classes unloaded (0 events):
No events

Classes redefined (0 events):
No events

Internal exceptions (20 events):
Event: 5.696 Thread 0x0000020f2ba0a290 Exception <a 'java/lang/ClassNotFoundException'{0x0000000089ec3448}: java/lang/ObjectCustomizer> (0x0000000089ec3448) 
thrown [t:\workspace\open\src\hotspot\share\classfile\systemDictionary.cpp, line 256]
Event: 5.696 Thread 0x0000020f2ba0a290 Exception <a 'java/lang/ClassNotFoundException'{0x0000000089ecadd8}: one/digitalinovationnovation/desafioexplorandopadroesprojetos/model/EnderecoCustomizer> (0x0000000089ecadd8) 
thrown [t:\workspace\open\src\hotspot\share\classfile\systemDictionary.cpp, line 256]
Event: 5.726 Thread 0x0000020f2ba0a290 Exception <a 'java/lang/IncompatibleClassChangeError'{0x0000000089c53e98}: Found class java.lang.Object, but interface was expected> (0x0000000089c53e98) 
thrown [t:\workspace\open\src\hotspot\share\interpreter\linkResolver.cpp, line 833]
Event: 5.754 Thread 0x0000020f2ba0a290 Exception <a 'java/lang/ClassNotFoundException'{0x0000000089a085b8}: java/lang/ObjectCustomizer> (0x0000000089a085b8) 
thrown [t:\workspace\open\src\hotspot\share\classfile\systemDictionary.cpp, line 256]
Event: 5.755 Thread 0x0000020f2ba0a290 Exception <a 'java/lang/ClassNotFoundException'{0x0000000089a0fef8}: one/digitalinovationnovation/desafioexplorandopadroesprojetos/model/AlunoCustomizer> (0x0000000089a0fef8) 
thrown [t:\workspace\open\src\hotspot\share\classfile\systemDictionary.cpp, line 256]
Event: 5.807 Thread 0x0000020f2ba0a290 Exception <a 'java/lang/ClassNotFoundException'{0x0000000089671358}: java/lang/ObjectCustomizer> (0x0000000089671358) 
thrown [t:\workspace\open\src\hotspot\share\classfile\systemDictionary.cpp, line 256]
Event: 5.807 Thread 0x0000020f2ba0a290 Exception <a 'java/lang/ClassNotFoundException'{0x00000000896792a0}: org/springframework/cloud/client/discovery/simple/SimpleDiscoveryClientAutoConfigurationCustomizer> (0x00000000896792a0) 
thrown [t:\workspace\open\src\hotspot\share\classfile\systemDictionary.cpp, line 256]
Event: 5.808 Thread 0x0000020f2ba0a290 Exception <a 'java/lang/ClassNotFoundException'{0x0000000089685428}: org/springframework/context/ApplicationListenerCustomizer> (0x0000000089685428) 
thrown [t:\workspace\open\src\hotspot\share\classfile\systemDictionary.cpp, line 256]
Event: 5.808 Thread 0x0000020f2ba0a290 Exception <a 'java/lang/ClassNotFoundException'{0x000000008968c3c8}: java/util/EventListenerCustomizer> (0x000000008968c3c8) 
thrown [t:\workspace\open\src\hotspot\share\classfile\systemDictionary.cpp, line 256]
Event: 5.897 Thread 0x0000020f2ba0a290 Exception <a 'java/lang/NoSuchMethodError'{0x00000000893725c8}: 'java.lang.Object java.lang.invoke.DirectMethodHandle$Holder.invokeSpecial(java.lang.Object, java.lang.Object, int, java.lang.Object, int, java.lang.Object)'> (0x00000000893725c8) 
thrown [t:\workspace\open\src\hotspot\share\interpreter\linkResolver.cpp, line 766]
Event: 5.898 Thread 0x0000020f2ba0a290 Exception <a 'java/lang/NoSuchMethodError'{0x000000008937a3c8}: 'java.lang.Object java.lang.invoke.DirectMethodHandle$Holder.newInvokeSpecial(java.lang.Object, java.lang.Object, int, java.lang.Object, int)'> (0x000000008937a3c8) 
thrown [t:\workspace\open\src\hotspot\share\interpreter\linkResolver.cpp, line 766]
Event: 5.898 Thread 0x0000020f2ba0a290 Exception <a 'java/lang/NoSuchMethodError'{0x000000008937e4c8}: 'java.lang.Object java.lang.invoke.DirectMethodHandle$Holder.invokeSpecial(java.lang.Object, java.lang.Object, java.lang.Object, int, java.lang.Object, int)'> (0x000000008937e4c8) 
thrown [t:\workspace\open\src\hotspot\share\interpreter\linkResolver.cpp, line 766]
Event: 5.900 Thread 0x0000020f2ba0a290 Exception <a 'java/lang/NoSuchMethodError'{0x0000000089389390}: 'void java.lang.invoke.DirectMethodHandle$Holder.invokeVirtual(java.lang.Object, java.lang.Object)'> (0x0000000089389390) 
thrown [t:\workspace\open\src\hotspot\share\interpreter\linkResolver.cpp, line 766]
Event: 22.866 Thread 0x0000020f516c5cb0 Exception <a 'java/lang/NoSuchMethodError'{0x0000000088dafc28}: 'java.lang.Object java.lang.invoke.DirectMethodHandle$Holder.invokeStatic(java.lang.Object, int, int)'> (0x0000000088dafc28) 
thrown [t:\workspace\open\src\hotspot\share\interpreter\linkResolver.cpp, line 766]
Event: 23.218 Thread 0x0000020f516c2c90 Implicit null exception at 0x0000020f3aef9aec to 0x0000020f3aef9b9c
Event: 23.297 Thread 0x0000020f516c2c90 Implicit null exception at 0x0000020f3ae565d2 to 0x0000020f3ae56714
Event: 5382.932 Thread 0x0000020f4da2ba40 Implicit null exception at 0x0000020f3b128ca9 to 0x0000020f3b128f10
Event: 5383.933 Thread 0x0000020f4da2ba40 Implicit null exception at 0x0000020f3b128ca9 to 0x0000020f3b128f10
Event: 5384.938 Thread 0x0000020f4da2ba40 Implicit null exception at 0x0000020f3b128ca9 to 0x0000020f3b128f10
Event: 5385.931 Thread 0x0000020f4da2ba40 Implicit null exception at 0x0000020f3b128ca9 to 0x0000020f3b128f10

VM Operations (20 events):
Event: 7108.080 Executing VM operation: Cleanup done
Event: 8049.849 Executing VM operation: Cleanup
Event: 8049.849 Executing VM operation: Cleanup done
Event: 8250.068 Executing VM operation: Cleanup
Event: 8250.069 Executing VM operation: Cleanup done
Event: 8260.135 Executing VM operation: Cleanup
Event: 8260.135 Executing VM operation: Cleanup done
Event: 8369.778 Executing VM operation: Cleanup
Event: 8369.778 Executing VM operation: Cleanup done
Event: 8379.829 Executing VM operation: Cleanup
Event: 8379.830 Executing VM operation: Cleanup done
Event: 8450.288 Executing VM operation: Cleanup
Event: 8450.288 Executing VM operation: Cleanup done
Event: 8832.574 Executing VM operation: Cleanup
Event: 8832.575 Executing VM operation: Cleanup done
Event: 8843.640 Executing VM operation: Cleanup
Event: 8843.640 Executing VM operation: Cleanup done
Event: 8865.762 Executing VM operation: Cleanup
Event: 8865.762 Executing VM operation: Cleanup done
Event: 8897.949 Executing VM operation: G1CollectForAllocation

Events (20 events):
Event: 7166.273 Thread 0x0000020f4fa00e40 Thread exited: 0x0000020f4fa00e40
Event: 7166.273 Thread 0x0000020f4f9ff160 Thread exited: 0x0000020f4f9ff160
Event: 8832.514 Thread 0x0000020f4f9fd480 Thread added: 0x0000020f4f9fd480
Event: 8832.515 Thread 0x0000020f4f9fe7c0 Thread added: 0x0000020f4f9fe7c0
Event: 8837.520 Thread 0x0000020f4f9fe7c0 Thread exited: 0x0000020f4f9fe7c0
Event: 8837.520 Thread 0x0000020f4f9fd480 Thread exited: 0x0000020f4f9fd480
Event: 8837.738 Thread 0x0000020f4f9fde20 Thread added: 0x0000020f4f9fde20
Event: 8837.738 Thread 0x0000020f4fa00e40 Thread added: 0x0000020f4fa00e40
Event: 8848.128 Thread 0x0000020f4fa00e40 Thread exited: 0x0000020f4fa00e40
Event: 8848.128 Thread 0x0000020f4f9fde20 Thread exited: 0x0000020f4f9fde20
Event: 8865.253 Thread 0x0000020f4f9fec90 Thread added: 0x0000020f4f9fec90
Event: 8865.254 Thread 0x0000020f4f9ffb00 Thread added: 0x0000020f4f9ffb00
Event: 8870.260 Thread 0x0000020f4f9fec90 Thread exited: 0x0000020f4f9fec90
Event: 8870.261 Thread 0x0000020f4f9ffb00 Thread exited: 0x0000020f4f9ffb00
Event: 8876.104 Thread 0x0000020f4f9fe7c0 Thread added: 0x0000020f4f9fe7c0
Event: 8876.105 Thread 0x0000020f4f9fec90 Thread added: 0x0000020f4f9fec90
Event: 8881.116 Thread 0x0000020f4f9fe7c0 Thread exited: 0x0000020f4f9fe7c0
Event: 8881.116 Thread 0x0000020f4f9fec90 Thread exited: 0x0000020f4f9fec90
Event: 8897.948 Thread 0x0000020f4f9fec90 Thread added: 0x0000020f4f9fec90
Event: 8897.948 Thread 0x0000020f4fa00e40 Thread added: 0x0000020f4fa00e40


Dynamic libraries:
0x00007ff612c60000 - 0x00007ff612c6e000 	C:\Users\Junior\.jdks\openjdk-17.0.2\bin\java.exe
0x00007ffc22490000 - 0x00007ffc22688000 	C:\Windows\SYSTEM32\ntdll.dll
0x00007ffc20d10000 - 0x00007ffc20dcd000 	C:\Windows\System32\KERNEL32.DLL
0x00007ffc1fe10000 - 0x00007ffc200e2000 	C:\Windows\System32\KERNELBASE.dll
0x00007ffc200f0000 - 0x00007ffc201f0000 	C:\Windows\System32\ucrtbase.dll
0x00007ffc13c80000 - 0x00007ffc13c9a000 	C:\Users\Junior\.jdks\openjdk-17.0.2\bin\VCRUNTIME140.dll
0x00007ffc13ca0000 - 0x00007ffc13cb8000 	C:\Users\Junior\.jdks\openjdk-17.0.2\bin\jli.dll
0x00007ffc20ab0000 - 0x00007ffc20c4d000 	C:\Windows\System32\USER32.dll
0x00007ffc0e110000 - 0x00007ffc0e3aa000 	C:\Windows\WinSxS\amd64_microsoft.windows.common-controls_6595b64144ccf1df_6.0.19041.1110_none_60b5254171f9507e\COMCTL32.dll
0x00007ffc1fc80000 - 0x00007ffc1fca2000 	C:\Windows\System32\win32u.dll
0x00007ffc21940000 - 0x00007ffc219de000 	C:\Windows\System32\msvcrt.dll
0x00007ffc22320000 - 0x00007ffc2234b000 	C:\Windows\System32\GDI32.dll
0x00007ffc203e0000 - 0x00007ffc204ef000 	C:\Windows\System32\gdi32full.dll
0x00007ffc201f0000 - 0x00007ffc2028d000 	C:\Windows\System32\msvcp_win.dll
0x00007ffc22350000 - 0x00007ffc22380000 	C:\Windows\System32\IMM32.DLL
0x00007ffc13f60000 - 0x00007ffc13f6c000 	C:\Users\Junior\.jdks\openjdk-17.0.2\bin\vcruntime140_1.dll
0x00007ffbf48b0000 - 0x00007ffbf493d000 	C:\Users\Junior\.jdks\openjdk-17.0.2\bin\msvcp140.dll
0x00007ffbc8870000 - 0x00007ffbc9431000 	C:\Users\Junior\.jdks\openjdk-17.0.2\bin\server\jvm.dll
0x00007ffc20590000 - 0x00007ffc2063e000 	C:\Windows\System32\ADVAPI32.dll
0x00007ffc218a0000 - 0x00007ffc2193c000 	C:\Windows\System32\sechost.dll
0x00007ffc20920000 - 0x00007ffc20a45000 	C:\Windows\System32\RPCRT4.dll
0x00007ffc20760000 - 0x00007ffc20768000 	C:\Windows\System32\PSAPI.DLL
0x00007ffc14f90000 - 0x00007ffc14fb7000 	C:\Windows\SYSTEM32\WINMM.dll
0x00007ffc12a70000 - 0x00007ffc12a79000 	C:\Windows\SYSTEM32\WSOCK32.dll
0x00007ffc1a5e0000 - 0x00007ffc1a5ea000 	C:\Windows\SYSTEM32\VERSION.dll
0x00007ffc20dd0000 - 0x00007ffc20e3b000 	C:\Windows\System32\WS2_32.dll
0x00007ffc1da80000 - 0x00007ffc1da92000 	C:\Windows\SYSTEM32\kernel.appcore.dll
0x00007ffc13c70000 - 0x00007ffc13c7a000 	C:\Users\Junior\.jdks\openjdk-17.0.2\bin\jimage.dll
0x00007ffc17900000 - 0x00007ffc17ae4000 	C:\Windows\SYSTEM32\DBGHELP.DLL
0x00007ffc17b80000 - 0x00007ffc17bac000 	C:\Windows\SYSTEM32\dbgcore.DLL
0x00007ffc20350000 - 0x00007ffc203d2000 	C:\Windows\System32\bcryptPrimitives.dll
0x00007ffc141c0000 - 0x00007ffc141ce000 	C:\Users\Junior\.jdks\openjdk-17.0.2\bin\instrument.dll
0x00007ffc13c00000 - 0x00007ffc13c25000 	C:\Users\Junior\.jdks\openjdk-17.0.2\bin\java.dll
0x00007ffbf2e70000 - 0x00007ffbf2f46000 	C:\Users\Junior\.jdks\openjdk-17.0.2\bin\jsvml.dll
0x00007ffc219e0000 - 0x00007ffc22123000 	C:\Windows\System32\SHELL32.dll
0x00007ffc1dc80000 - 0x00007ffc1e411000 	C:\Windows\SYSTEM32\windows.storage.dll
0x00007ffc20e40000 - 0x00007ffc21194000 	C:\Windows\System32\combase.dll
0x00007ffc1f600000 - 0x00007ffc1f630000 	C:\Windows\SYSTEM32\Wldp.dll
0x00007ffc22270000 - 0x00007ffc2231d000 	C:\Windows\System32\SHCORE.dll
0x00007ffc20cb0000 - 0x00007ffc20d05000 	C:\Windows\System32\shlwapi.dll
0x00007ffc1fae0000 - 0x00007ffc1faff000 	C:\Windows\SYSTEM32\profapi.dll
0x00007ffc13850000 - 0x00007ffc13868000 	C:\Users\Junior\.jdks\openjdk-17.0.2\bin\zip.dll
0x00007ffc13b00000 - 0x00007ffc13b19000 	C:\Users\Junior\.jdks\openjdk-17.0.2\bin\net.dll
0x00007ffc174a0000 - 0x00007ffc175ad000 	C:\Windows\SYSTEM32\WINHTTP.dll
0x00007ffc1f360000 - 0x00007ffc1f3ca000 	C:\Windows\system32\mswsock.dll
0x00007ffc13870000 - 0x00007ffc13886000 	C:\Users\Junior\.jdks\openjdk-17.0.2\bin\nio.dll
0x00007ffc11cd0000 - 0x00007ffc11cea000 	C:\Program Files\JetBrains\IntelliJ IDEA Community Edition 2022.1\bin\breakgen64.dll
0x00007ffc13980000 - 0x00007ffc13990000 	C:\Users\Junior\.jdks\openjdk-17.0.2\bin\verify.dll
0x00007ffc1efe0000 - 0x00007ffc1f01b000 	C:\Windows\SYSTEM32\IPHLPAPI.DLL
0x00007ffc204f0000 - 0x00007ffc204f8000 	C:\Windows\System32\NSI.dll
0x00007ffc195b0000 - 0x00007ffc195c7000 	C:\Windows\SYSTEM32\dhcpcsvc6.DLL
0x00007ffc19590000 - 0x00007ffc195ad000 	C:\Windows\SYSTEM32\dhcpcsvc.DLL
0x00007ffc1f040000 - 0x00007ffc1f10a000 	C:\Windows\SYSTEM32\DNSAPI.dll
0x00007ffc17e10000 - 0x00007ffc17e1a000 	C:\Windows\System32\rasadhlp.dll
0x00007ffc15050000 - 0x00007ffc150d0000 	C:\Windows\System32\fwpuclnt.dll
0x00007ffc1fc50000 - 0x00007ffc1fc77000 	C:\Windows\System32\bcrypt.dll
0x00007ffc141b0000 - 0x00007ffc141b9000 	C:\Users\Junior\.jdks\openjdk-17.0.2\bin\management.dll
0x00007ffc13840000 - 0x00007ffc1384b000 	C:\Users\Junior\.jdks\openjdk-17.0.2\bin\management_ext.dll
0x00007ffc08e10000 - 0x00007ffc08e27000 	C:\Windows\system32\napinsp.dll
0x00007ffc08e90000 - 0x00007ffc08eab000 	C:\Windows\system32\pnrpnsp.dll
0x00007ffc1a3c0000 - 0x00007ffc1a3d5000 	C:\Windows\system32\wshbth.dll
0x00007ffc1b550000 - 0x00007ffc1b56d000 	C:\Windows\system32\NLAapi.dll
0x00007ffc08ec0000 - 0x00007ffc08ed2000 	C:\Windows\System32\winrnr.dll
0x00007ffc1f550000 - 0x00007ffc1f568000 	C:\Windows\SYSTEM32\CRYPTSP.dll
0x00007ffc1eba0000 - 0x00007ffc1ebd4000 	C:\Windows\system32\rsaenh.dll
0x00007ffc1faa0000 - 0x00007ffc1face000 	C:\Windows\SYSTEM32\USERENV.dll
0x00007ffc1f570000 - 0x00007ffc1f57c000 	C:\Windows\SYSTEM32\CRYPTBASE.dll
0x00007ffc1d3c0000 - 0x00007ffc1d3ce000 	C:\Users\Junior\.jdks\openjdk-17.0.2\bin\sunmscapi.dll
0x00007ffc1fcb0000 - 0x00007ffc1fe06000 	C:\Windows\System32\CRYPT32.dll
0x00007ffc1f670000 - 0x00007ffc1f697000 	C:\Windows\SYSTEM32\ncrypt.dll
0x00007ffc1f630000 - 0x00007ffc1f66b000 	C:\Windows\SYSTEM32\NTASN1.dll
0x00007ffc13830000 - 0x00007ffc13837000 	C:\Windows\system32\wshunix.dll

dbghelp: loaded successfully - version: 4.0.5 - missing functions: none
symbol engine: initialized successfully - sym options: 0x614 - pdb path: .;C:\Users\Junior\.jdks\openjdk-17.0.2\bin;C:\Windows\SYSTEM32;C:\Windows\WinSxS\amd64_microsoft.windows.common-controls_6595b64144ccf1df_6.0.19041.1110_none_60b5254171f9507e;C:\Users\Junior\.jdks\openjdk-17.0.2\bin\server;C:\Program Files\JetBrains\IntelliJ IDEA Community Edition 2022.1\bin

VM Arguments:
jvm_args: -javaagent:C:\Program Files\JetBrains\IntelliJ IDEA Community Edition 2022.1\lib\idea_rt.jar=63755:C:\Program Files\JetBrains\IntelliJ IDEA Community Edition 2022.1\bin -Dfile.encoding=UTF-8 
java_command: one.digitalinovationnovation.desafioexplorandopadroesprojetos.DesafioExplorandoPadroesProjetosApplication
java_class_path (initial): C:\Users\Junior\Desktop\bootcamp-ifood\desafio-explorando-padroes-projetos\target\classes;C:\Users\Junior\.m2\repository\org\springframework\boot\spring-boot-starter-data-jpa\2.7.5\spring-boot-starter-data-jpa-2.7.5.jar;C:\Users\Junior\.m2\repository\org\springframework\boot\spring-boot-starter-aop\2.7.5\spring-boot-starter-aop-2.7.5.jar;C:\Users\Junior\.m2\repository\org\springframework\spring-aop\5.3.23\spring-aop-5.3.23.jar;C:\Users\Junior\.m2\repository\org\aspectj\aspectjweaver\1.9.7\aspectjweaver-1.9.7.jar;C:\Users\Junior\.m2\repository\org\springframework\boot\spring-boot-starter-jdbc\2.7.5\spring-boot-starter-jdbc-2.7.5.jar;C:\Users\Junior\.m2\repository\com\zaxxer\HikariCP\4.0.3\HikariCP-4.0.3.jar;C:\Users\Junior\.m2\repository\org\springframework\spring-jdbc\5.3.23\spring-jdbc-5.3.23.jar;C:\Users\Junior\.m2\repository\jakarta\transaction\jakarta.transaction-api\1.3.3\jakarta.transaction-api-1.3.3.jar;C:\Users\Junior\.m2\repository\jakarta\persistence\jakarta.persistence-api\2.2.3\jakarta.persistence-api-2.2.3.jar;C:\Users\Junior\.m2\repository\org\hibernate\hibernate-core\5.6.12.Final\hibernate-core-5.6.12.Final.jar;C:\Users\Junior\.m2\repository\org\jboss\logging\jboss-logging\3.4.3.Final\jboss-logging-3.4.3.Final.jar;C:\Users\Junior\.m2\repository\net\bytebuddy\byte-buddy\1.12.18\byte-buddy-1.12.18.jar;C:\Users\Junior\.m2\repository\antlr\antlr\2.7.7\antlr-2.7.7.jar;C:\Users\Junior\.m2\repository\org\jboss\jandex\2.4.2.Final\jandex-2.4.2.Final.jar;C:\Users\Junior\.m2\repository\com\fasterxml\classmate\1.5.1\classmate-1.5.1.jar;C:\Users\Junior\.m2\repository\org\hibernate\common\hibernate-commons-annotations\5.1.2.Final\hibernate-commons-annotations-5.1.2.Final.jar;C:\Users\Junior\.m2\repository\org\glassfish\jaxb\jaxb-runtime\2.3.7\jaxb-runtime-2.3.7.jar;C:\Users\Junior\.m2\repository\org\glassfish\jaxb\txw2\2.3.7\txw2-2.3.7.jar;C:\Users\Junior\.m2\repository\com\sun\istack\istack-commons-runtime\3.0.12\istack-commons-runtime
Launcher Type: SUN_STANDARD

[Global flags]
     intx CICompilerCount                          = 4                                         {product} {ergonomic}
     uint ConcGCThreads                            = 2                                         {product} {ergonomic}
     uint G1ConcRefinementThreads                  = 8                                         {product} {ergonomic}
   size_t G1HeapRegionSize                         = 1048576                                   {product} {ergonomic}
    uintx GCDrainStackTargetSize                   = 64                                        {product} {ergonomic}
   size_t InitialHeapSize                          = 134217728                                 {product} {ergonomic}
   size_t MarkStackSize                            = 4194304                                   {product} {ergonomic}
   size_t MaxHeapSize                              = 2136997888                                {product} {ergonomic}
   size_t MaxNewSize                               = 1281359872                                {product} {ergonomic}
   size_t MinHeapDeltaBytes                        = 1048576                                   {product} {ergonomic}
   size_t MinHeapSize                              = 8388608                                   {product} {ergonomic}
    uintx NonNMethodCodeHeapSize                   = 5839372                                {pd product} {ergonomic}
    uintx NonProfiledCodeHeapSize                  = 122909434                              {pd product} {ergonomic}
    uintx ProfiledCodeHeapSize                     = 122909434                              {pd product} {ergonomic}
    uintx ReservedCodeCacheSize                    = 251658240                              {pd product} {ergonomic}
     bool SegmentedCodeCache                       = true                                      {product} {ergonomic}
   size_t SoftMaxHeapSize                          = 2136997888                             {manageable} {ergonomic}
     bool UseCompressedClassPointers               = true                           {product lp64_product} {ergonomic}
     bool UseCompressedOops                        = true                           {product lp64_product} {ergonomic}
     bool UseG1GC                                  = true                                      {product} {ergonomic}
     bool UseLargePagesIndividualAllocation        = false                                  {pd product} {ergonomic}

Logging:
Log output configuration:
 #0: stdout all=warning uptime,level,tags
 #1: stderr all=off uptime,level,tags

Environment Variables:
JAVA_HOME=C:\Program Files\Java\jdk1.8.0_341
PATH=C:\Program Files (x86)\Common Files\Oracle\Java\javapath;C:\Program Files\Rockwell Software\RSCommon;C:\Windows\system32;C:\Windows;C:\Windows\System32\Wbem;C:\Windows\System32\WindowsPowerShell\v1.0\;C:\Windows\System32\OpenSSH\;C:\Program Files (x86)\NVIDIA Corporation\PhysX\Common;C:\Program Files\dotnet\;d:\Program Files\Git\cmd;C:\Program Files\Java\jdk1.8.0_341\bin;C:\Users\Junior\Desktop\Junior\apache-maven-3.8.6\bin;C:\Users\Junior\AppData\Local\Microsoft\WindowsApps;;C:\Users\Junior\AppData\Local\Programs\Microsoft VS Code\bin
USERNAME=Junior
OS=Windows_NT
PROCESSOR_IDENTIFIER=Intel64 Family 6 Model 60 Stepping 3, GenuineIntel



---------------  S Y S T E M  ---------------

OS:
 Windows 10 , 64 bit Build 19041 (10.0.19041.1889)
OS uptime: 15 days 0:30 hours

CPU: total 8 (initial active 8) (4 cores per cpu, 2 threads per core) family 6 model 60 stepping 3 microcode 0x27, cx8, cmov, fxsr, ht, mmx, sse, sse2, sse3, ssse3, sse4.1, sse4.2, popcnt, lzcnt, tsc, tscinvbit, avx, avx2, aes, erms, clmul, bmi1, bmi2, fma, vzeroupper, clflush

Memory: 4k page, system-wide physical 8151M (968M free)
TotalPageFile size 16368M (AvailPageFile size 2461M)
current process WorkingSet (physical memory assigned to process): 139M, peak: 327M
current process commit charge ("private bytes"): 369M, peak: 422M

vm_info: OpenJDK 64-Bit Server VM (17.0.2+8-86) for windows-amd64 JRE (17.0.2+8-86), built on Dec  7 2021 21:49:10 by "mach5one" with MS VC++ 16.8 / 16.9 (VS2019)

END.
